------------------------------------------------------------------------------------------------------------------------

[2026-04-13 13:27:05 #1 store] 
Database 'C:\Users\rafae\eclipse-workspace\CorrecciónPrimeraIteración3\src\main\resources\products.temp' has been recovered (tr. 33-33)

[2026-04-13 13:27:05 #2 store] 
Database 'C:\Users\rafae\eclipse-workspace\CorrecciónPrimeraIteración3\src\main\resources\products.temp' is opened by 13036@Rafituki

[2026-04-13 13:27:05 #3 type] 
Type domain.User is not enhanced.

[2026-04-13 13:27:05 #4 type] 
Type domain.Seller is not enhanced.

[2026-04-13 13:27:05 #5 type] 
Type domain.Sale is not enhanced.

[2026-04-13 13:27:05 #6 type] 
Type domain.Offer is not enhanced.

------------------------------------------------------------------------------------------------------------------------

[2026-04-13 13:43:17 #1 store] 
Database 'C:\Users\rafae\eclipse-workspace\Iteracion2LimpioParaGItHub\src\main\resources\products.temp' is opened by 15084@Rafituki

[2026-04-13 13:43:17 #2 type] 
Type domain.User is not enhanced.

[2026-04-13 13:43:17 #3 type] 
Type domain.Seller is not enhanced.

[2026-04-13 13:43:17 #4 type] 
Type domain.Sale is not enhanced.

[2026-04-13 13:43:17 #5 type] 
Type domain.Offer is not enhanced.

