------------------------------------------------------------------------------------------------------------------------

[2026-02-28 10:23:59 #1 store] 
Database 'C:\Users\rafae\Desktop\other\Clase\2.2-IS\Market26\src\main\resources\products.temp' is opened by 14520@Rafituki

[2026-02-28 10:24:00 #2 type.registry] 
New type domain.Seller

[2026-02-28 10:24:00 #3 type] 
Type domain.Seller is not enhanced.

[2026-02-28 10:24:00 #4 type.registry] 
New type domain.Sale

[2026-02-28 10:24:00 #5 type] 
Type domain.Sale is not enhanced.

[2026-02-28 10:24:00 #6 type.registry] 
New type java.util.ArrayList<java.lang.Object>

[2026-02-28 10:24:00 #7 type.registry] 
New type java.util.ArrayList<domain.Sale>

------------------------------------------------------------------------------------------------------------------------

[2026-02-28 10:24:27 #1 store] 
Database 'C:\Users\rafae\Desktop\other\Clase\2.2-IS\Market26\src\main\resources\products.temp' is opened by 15816@Rafituki

[2026-02-28 10:24:27 #2 type.registry] 
New type domain.Seller

[2026-02-28 10:24:27 #3 type] 
Type domain.Seller is not enhanced.

[2026-02-28 10:24:27 #4 type.registry] 
New type domain.Sale

[2026-02-28 10:24:27 #5 type] 
Type domain.Sale is not enhanced.

[2026-02-28 10:24:27 #6 type.registry] 
New type java.util.ArrayList<java.lang.Object>

[2026-02-28 10:24:27 #7 type.registry] 
New type java.util.ArrayList<domain.Sale>

------------------------------------------------------------------------------------------------------------------------

[2026-02-28 10:56:59 #1 store] 
Database 'C:\Users\rafae\eclipse-workspace\Market26_edit\src\main\resources\products.temp' is opened by 5140@Rafituki

[2026-02-28 10:56:59 #2 type.registry] 
New type domain.Seller

[2026-02-28 10:56:59 #3 type] 
Type domain.Seller is not enhanced.

[2026-02-28 10:56:59 #4 type.registry] 
New type domain.Sale

[2026-02-28 10:56:59 #5 type] 
Type domain.Sale is not enhanced.

[2026-02-28 10:56:59 #6 type.registry] 
New type java.util.ArrayList<java.lang.Object>

[2026-02-28 10:56:59 #7 type.registry] 
New type java.util.ArrayList<domain.Sale>

------------------------------------------------------------------------------------------------------------------------

[2026-02-28 10:57:09 #1 store] 
Database 'C:\Users\rafae\eclipse-workspace\Market26_edit\src\main\resources\products.temp' is opened by 20756@Rafituki

[2026-02-28 10:57:09 #2 type.registry] 
New type domain.Seller

[2026-02-28 10:57:09 #3 type] 
Type domain.Seller is not enhanced.

[2026-02-28 10:57:09 #4 type.registry] 
New type domain.Sale

[2026-02-28 10:57:09 #5 type] 
Type domain.Sale is not enhanced.

[2026-02-28 10:57:09 #6 type.registry] 
New type java.util.ArrayList<java.lang.Object>

[2026-02-28 10:57:09 #7 type.registry] 
New type java.util.ArrayList<domain.Sale>

------------------------------------------------------------------------------------------------------------------------

[2026-02-28 11:04:28 #1 store] 
Database 'C:\Users\rafae\eclipse-workspace\Market26_edit\src\main\resources\products.temp' is opened by 5292@Rafituki

[2026-02-28 11:04:29 #2 type.registry] 
New type domain.User

[2026-02-28 11:04:29 #3 type.registry] 
New type domain.Seller

[2026-02-28 11:04:29 #4 type] 
Type domain.User is not enhanced.

[2026-02-28 11:04:29 #5 type] 
Type domain.Seller is not enhanced.

[2026-02-28 11:04:29 #6 type.registry] 
New type domain.Sale

[2026-02-28 11:04:29 #7 type] 
Type domain.Sale is not enhanced.

[2026-02-28 11:04:29 #8 type.registry] 
New type java.util.ArrayList<java.lang.Object>

[2026-02-28 11:04:29 #9 type.registry] 
New type java.util.ArrayList<domain.Sale>

------------------------------------------------------------------------------------------------------------------------

[2026-02-28 11:04:36 #1 store] 
Database 'C:\Users\rafae\eclipse-workspace\Market26_edit\src\main\resources\products.temp' is opened by 10548@Rafituki

[2026-02-28 11:04:36 #2 type.registry] 
New type domain.User

[2026-02-28 11:04:36 #3 type.registry] 
New type domain.Seller

[2026-02-28 11:04:36 #4 type] 
Type domain.User is not enhanced.

[2026-02-28 11:04:36 #5 type] 
Type domain.Seller is not enhanced.

[2026-02-28 11:04:36 #6 type.registry] 
New type domain.Sale

[2026-02-28 11:04:36 #7 type] 
Type domain.Sale is not enhanced.

[2026-02-28 11:04:36 #8 type.registry] 
New type java.util.ArrayList<java.lang.Object>

[2026-02-28 11:04:36 #9 type.registry] 
New type java.util.ArrayList<domain.Sale>

------------------------------------------------------------------------------------------------------------------------

[2026-02-28 11:08:10 #1 store] 
Database 'C:\Users\rafae\eclipse-workspace\Market26_edit\src\main\resources\products.temp' is opened by 20496@Rafituki

[2026-02-28 11:08:10 #2 type.registry] 
New type domain.User

[2026-02-28 11:08:10 #3 type.registry] 
New type domain.Seller

[2026-02-28 11:08:10 #4 type] 
Type domain.User is not enhanced.

[2026-02-28 11:08:10 #5 type] 
Type domain.Seller is not enhanced.

[2026-02-28 11:08:10 #6 type.registry] 
New type domain.Sale

[2026-02-28 11:08:10 #7 type] 
Type domain.Sale is not enhanced.

[2026-02-28 11:08:10 #8 type.registry] 
New type java.util.ArrayList<java.lang.Object>

[2026-02-28 11:08:10 #9 type.registry] 
New type java.util.ArrayList<domain.Sale>

------------------------------------------------------------------------------------------------------------------------

[2026-02-28 11:09:45 #1 store] 
Database 'C:\Users\rafae\eclipse-workspace\Market26_edit\src\main\resources\products.temp' is opened by 9696@Rafituki

[2026-02-28 11:09:45 #2 type.registry] 
New type domain.User

[2026-02-28 11:09:45 #3 type.registry] 
New type domain.Seller

[2026-02-28 11:09:45 #4 type] 
Type domain.User is not enhanced.

[2026-02-28 11:09:45 #5 type] 
Type domain.Seller is not enhanced.

[2026-02-28 11:09:45 #6 type.registry] 
New type domain.Sale

[2026-02-28 11:09:45 #7 type] 
Type domain.Sale is not enhanced.

[2026-02-28 11:09:45 #8 type.registry] 
New type java.util.ArrayList<java.lang.Object>

[2026-02-28 11:09:45 #9 type.registry] 
New type java.util.ArrayList<domain.Sale>

------------------------------------------------------------------------------------------------------------------------

[2026-02-28 11:14:03 #1 store] 
Database 'C:\Users\rafae\eclipse-workspace\Market26_edit\src\main\resources\products.temp' is opened by 19720@Rafituki

[2026-02-28 11:14:03 #2 type.registry] 
New type domain.User

[2026-02-28 11:14:03 #3 type.registry] 
New type domain.Seller

[2026-02-28 11:14:03 #4 type] 
Type domain.User is not enhanced.

[2026-02-28 11:14:03 #5 type] 
Type domain.Seller is not enhanced.

[2026-02-28 11:14:03 #6 type.registry] 
New type domain.Sale

[2026-02-28 11:14:03 #7 type] 
Type domain.Sale is not enhanced.

[2026-02-28 11:14:03 #8 type.registry] 
New type java.util.ArrayList<java.lang.Object>

[2026-02-28 11:14:03 #9 type.registry] 
New type java.util.ArrayList<domain.Sale>

------------------------------------------------------------------------------------------------------------------------

[2026-02-28 11:15:00 #1 store] 
Database 'C:\Users\rafae\eclipse-workspace\Market26_edit\src\main\resources\products.temp' is opened by 7552@Rafituki

[2026-02-28 11:15:00 #2 type.registry] 
New type domain.User

[2026-02-28 11:15:00 #3 type.registry] 
New type domain.Seller

[2026-02-28 11:15:00 #4 type] 
Type domain.User is not enhanced.

[2026-02-28 11:15:00 #5 type] 
Type domain.Seller is not enhanced.

[2026-02-28 11:15:00 #6 type.registry] 
New type domain.Sale

[2026-02-28 11:15:00 #7 type] 
Type domain.Sale is not enhanced.

[2026-02-28 11:15:00 #8 type.registry] 
New type java.util.ArrayList<java.lang.Object>

[2026-02-28 11:15:00 #9 type.registry] 
New type java.util.ArrayList<domain.Sale>

------------------------------------------------------------------------------------------------------------------------

[2026-02-28 11:16:38 #1 store] 
Database 'C:\Users\rafae\eclipse-workspace\Market26_edit\src\main\resources\products.temp' is opened by 14332@Rafituki

[2026-02-28 11:16:38 #2 type.registry] 
New type domain.User

[2026-02-28 11:16:38 #3 type.registry] 
New type domain.Seller

[2026-02-28 11:16:38 #4 type] 
Type domain.User is not enhanced.

[2026-02-28 11:16:38 #5 type] 
Type domain.Seller is not enhanced.

[2026-02-28 11:16:38 #6 type.registry] 
New type domain.Sale

[2026-02-28 11:16:38 #7 type] 
Type domain.Sale is not enhanced.

[2026-02-28 11:16:38 #8 type.registry] 
New type java.util.ArrayList<java.lang.Object>

[2026-02-28 11:16:38 #9 type.registry] 
New type java.util.ArrayList<domain.Sale>

------------------------------------------------------------------------------------------------------------------------

[2026-02-28 11:17:17 #1 store] 
Database 'C:\Users\rafae\eclipse-workspace\Market26_edit\src\main\resources\products.temp' is opened by 1028@Rafituki

[2026-02-28 11:17:17 #2 type.registry] 
New type domain.User

[2026-02-28 11:17:17 #3 type.registry] 
New type domain.Seller

[2026-02-28 11:17:17 #4 type] 
Type domain.User is not enhanced.

[2026-02-28 11:17:17 #5 type] 
Type domain.Seller is not enhanced.

[2026-02-28 11:17:17 #6 type.registry] 
New type domain.Sale

[2026-02-28 11:17:17 #7 type] 
Type domain.Sale is not enhanced.

[2026-02-28 11:17:17 #8 type.registry] 
New type java.util.ArrayList<java.lang.Object>

[2026-02-28 11:17:17 #9 type.registry] 
New type java.util.ArrayList<domain.Sale>

------------------------------------------------------------------------------------------------------------------------

[2026-02-28 11:17:30 #1 store] 
Database 'C:\Users\rafae\eclipse-workspace\Market26_edit\src\main\resources\products.temp' is opened by 3032@Rafituki

[2026-02-28 11:17:31 #2 type.registry] 
New type domain.User

[2026-02-28 11:17:31 #3 type.registry] 
New type domain.Seller

[2026-02-28 11:17:31 #4 type] 
Type domain.User is not enhanced.

[2026-02-28 11:17:31 #5 type] 
Type domain.Seller is not enhanced.

[2026-02-28 11:17:31 #6 type.registry] 
New type domain.Sale

[2026-02-28 11:17:31 #7 type] 
Type domain.Sale is not enhanced.

[2026-02-28 11:17:31 #8 type.registry] 
New type java.util.ArrayList<java.lang.Object>

[2026-02-28 11:17:31 #9 type.registry] 
New type java.util.ArrayList<domain.Sale>

------------------------------------------------------------------------------------------------------------------------

[2026-02-28 11:18:28 #1 store] 
Database 'C:\Users\rafae\eclipse-workspace\Market26_edit\src\main\resources\products.temp' is opened by 10712@Rafituki

[2026-02-28 11:18:28 #2 type.registry] 
New type domain.User

[2026-02-28 11:18:28 #3 type.registry] 
New type domain.Seller

[2026-02-28 11:18:28 #4 type] 
Type domain.User is not enhanced.

[2026-02-28 11:18:28 #5 type] 
Type domain.Seller is not enhanced.

[2026-02-28 11:18:28 #6 type.registry] 
New type domain.Sale

[2026-02-28 11:18:28 #7 type] 
Type domain.Sale is not enhanced.

[2026-02-28 11:18:28 #8 type.registry] 
New type java.util.ArrayList<java.lang.Object>

[2026-02-28 11:18:28 #9 type.registry] 
New type java.util.ArrayList<domain.Sale>

------------------------------------------------------------------------------------------------------------------------

[2026-02-28 11:20:39 #1 store] 
Database 'C:\Users\rafae\eclipse-workspace\Market26_edit\src\main\resources\products.temp' is opened by 20208@Rafituki

[2026-02-28 11:20:39 #2 type.registry] 
New type domain.User

[2026-02-28 11:20:39 #3 type.registry] 
New type domain.Seller

[2026-02-28 11:20:39 #4 type] 
Type domain.User is not enhanced.

[2026-02-28 11:20:39 #5 type] 
Type domain.Seller is not enhanced.

[2026-02-28 11:20:39 #6 type.registry] 
New type domain.Sale

[2026-02-28 11:20:39 #7 type] 
Type domain.Sale is not enhanced.

[2026-02-28 11:20:39 #8 type.registry] 
New type java.util.ArrayList<java.lang.Object>

[2026-02-28 11:20:39 #9 type.registry] 
New type java.util.ArrayList<domain.Sale>

------------------------------------------------------------------------------------------------------------------------

[2026-02-28 11:20:57 #1 store] 
Database 'C:\Users\rafae\eclipse-workspace\Market26_edit\src\main\resources\products.temp' has been recovered (tr. 1-6)

[2026-02-28 11:20:57 #2 store] 
Database 'C:\Users\rafae\eclipse-workspace\Market26_edit\src\main\resources\products.temp' is opened by 8880@Rafituki

[2026-02-28 11:20:57 #3 type] 
Type domain.User is not enhanced.

[2026-02-28 11:20:57 #4 type] 
Type domain.Seller is not enhanced.

[2026-02-28 11:20:57 #5 type] 
Type domain.Sale is not enhanced.

------------------------------------------------------------------------------------------------------------------------

[2026-02-28 11:21:43 #1 store] 
Database 'C:\Users\rafae\eclipse-workspace\Market26_edit\src\main\resources\products.temp' is opened by 17232@Rafituki

[2026-02-28 11:21:43 #2 type.registry] 
New type domain.User

[2026-02-28 11:21:43 #3 type.registry] 
New type domain.Seller

[2026-02-28 11:21:43 #4 type] 
Type domain.User is not enhanced.

[2026-02-28 11:21:43 #5 type] 
Type domain.Seller is not enhanced.

[2026-02-28 11:21:43 #6 type.registry] 
New type domain.Sale

[2026-02-28 11:21:43 #7 type] 
Type domain.Sale is not enhanced.

[2026-02-28 11:21:43 #8 type.registry] 
New type java.util.ArrayList<java.lang.Object>

[2026-02-28 11:21:43 #9 type.registry] 
New type java.util.ArrayList<domain.Sale>

------------------------------------------------------------------------------------------------------------------------

[2026-02-28 11:22:11 #1 store] 
Database 'C:\Users\rafae\eclipse-workspace\Market26_edit\src\main\resources\products.temp' is opened by 4312@Rafituki

[2026-02-28 11:22:11 #2 type.registry] 
New type domain.User

[2026-02-28 11:22:11 #3 type.registry] 
New type domain.Seller

[2026-02-28 11:22:11 #4 type] 
Type domain.User is not enhanced.

[2026-02-28 11:22:11 #5 type] 
Type domain.Seller is not enhanced.

[2026-02-28 11:22:11 #6 type.registry] 
New type domain.Sale

[2026-02-28 11:22:11 #7 type] 
Type domain.Sale is not enhanced.

[2026-02-28 11:22:11 #8 type.registry] 
New type java.util.ArrayList<java.lang.Object>

[2026-02-28 11:22:11 #9 type.registry] 
New type java.util.ArrayList<domain.Sale>

------------------------------------------------------------------------------------------------------------------------

[2026-02-28 11:22:42 #1 store] 
Database 'C:\Users\rafae\eclipse-workspace\Market26_edit\src\main\resources\products.temp' is opened by 4416@Rafituki

[2026-02-28 11:22:43 #2 type.registry] 
New type domain.User

[2026-02-28 11:22:43 #3 type.registry] 
New type domain.Seller

[2026-02-28 11:22:43 #4 type] 
Type domain.User is not enhanced.

[2026-02-28 11:22:43 #5 type] 
Type domain.Seller is not enhanced.

[2026-02-28 11:22:43 #6 type.registry] 
New type domain.Sale

[2026-02-28 11:22:43 #7 type] 
Type domain.Sale is not enhanced.

[2026-02-28 11:22:43 #8 type.registry] 
New type java.util.ArrayList<java.lang.Object>

[2026-02-28 11:22:43 #9 type.registry] 
New type java.util.ArrayList<domain.Sale>

------------------------------------------------------------------------------------------------------------------------

[2026-02-28 11:23:18 #1 store] 
Database 'C:\Users\rafae\eclipse-workspace\Market26_edit\src\main\resources\products.temp' is opened by 2816@Rafituki

[2026-02-28 11:23:18 #2 type.registry] 
New type domain.User

[2026-02-28 11:23:18 #3 type.registry] 
New type domain.Seller

[2026-02-28 11:23:18 #4 type] 
Type domain.User is not enhanced.

[2026-02-28 11:23:18 #5 type] 
Type domain.Seller is not enhanced.

[2026-02-28 11:23:18 #6 type.registry] 
New type domain.Sale

[2026-02-28 11:23:18 #7 type] 
Type domain.Sale is not enhanced.

[2026-02-28 11:23:18 #8 type.registry] 
New type java.util.ArrayList<java.lang.Object>

[2026-02-28 11:23:18 #9 type.registry] 
New type java.util.ArrayList<domain.Sale>

------------------------------------------------------------------------------------------------------------------------

[2026-02-28 11:24:47 #1 store] 
Database 'C:\Users\rafae\eclipse-workspace\Market26_edit\src\main\resources\products.temp' is opened by 21260@Rafituki

[2026-02-28 11:24:48 #2 type.registry] 
New type domain.User

[2026-02-28 11:24:48 #3 type.registry] 
New type domain.Seller

[2026-02-28 11:24:48 #4 type] 
Type domain.User is not enhanced.

[2026-02-28 11:24:48 #5 type] 
Type domain.Seller is not enhanced.

[2026-02-28 11:24:48 #6 type.registry] 
New type domain.Sale

[2026-02-28 11:24:48 #7 type] 
Type domain.Sale is not enhanced.

[2026-02-28 11:24:48 #8 type.registry] 
New type java.util.ArrayList<java.lang.Object>

[2026-02-28 11:24:48 #9 type.registry] 
New type java.util.ArrayList<domain.Sale>

------------------------------------------------------------------------------------------------------------------------

[2026-02-28 11:24:54 #1 store] 
Database 'C:\Users\rafae\eclipse-workspace\Market26_edit\src\main\resources\products.temp' is opened by 14660@Rafituki

[2026-02-28 11:24:54 #2 type.registry] 
New type domain.User

[2026-02-28 11:24:54 #3 type.registry] 
New type domain.Seller

[2026-02-28 11:24:54 #4 type] 
Type domain.User is not enhanced.

[2026-02-28 11:24:54 #5 type] 
Type domain.Seller is not enhanced.

[2026-02-28 11:24:54 #6 type.registry] 
New type domain.Sale

[2026-02-28 11:24:54 #7 type] 
Type domain.Sale is not enhanced.

[2026-02-28 11:24:54 #8 type.registry] 
New type java.util.ArrayList<java.lang.Object>

[2026-02-28 11:24:54 #9 type.registry] 
New type java.util.ArrayList<domain.Sale>

------------------------------------------------------------------------------------------------------------------------

[2026-02-28 11:29:22 #1 store] 
Database 'C:\Users\rafae\eclipse-workspace\Market26_edit\src\main\resources\products.temp' has been recovered (tr. 1-6)

[2026-02-28 11:29:22 #2 store] 
Database 'C:\Users\rafae\eclipse-workspace\Market26_edit\src\main\resources\products.temp' is opened by 15364@Rafituki

[2026-02-28 11:29:22 #3 type] 
Type domain.User is not enhanced.

[2026-02-28 11:29:22 #4 type] 
Type domain.Seller is not enhanced.

[2026-02-28 11:29:22 #5 type] 
Type domain.Sale is not enhanced.

------------------------------------------------------------------------------------------------------------------------

[2026-02-28 11:29:34 #1 store] 
Database 'C:\Users\rafae\eclipse-workspace\Market26_edit\src\main\resources\products.temp' has been recovered (tr. 7-7)

[2026-02-28 11:29:34 #2 store] 
Database 'C:\Users\rafae\eclipse-workspace\Market26_edit\src\main\resources\products.temp' is opened by 21208@Rafituki

[2026-02-28 11:29:34 #3 type] 
Type domain.User is not enhanced.

[2026-02-28 11:29:34 #4 type] 
Type domain.Seller is not enhanced.

[2026-02-28 11:29:34 #5 type] 
Type domain.Sale is not enhanced.

------------------------------------------------------------------------------------------------------------------------

[2026-02-28 11:29:43 #1 store] 
Database 'C:\Users\rafae\eclipse-workspace\Market26_edit\src\main\resources\products.temp' is opened by 9484@Rafituki

[2026-02-28 11:29:43 #2 type] 
Type domain.User is not enhanced.

[2026-02-28 11:29:43 #3 type] 
Type domain.Seller is not enhanced.

[2026-02-28 11:29:43 #4 type] 
Type domain.Sale is not enhanced.

------------------------------------------------------------------------------------------------------------------------

[2026-02-28 11:35:57 #1 store] 
Database 'C:\Users\rafae\eclipse-workspace\Market26_edit\src\main\resources\products.temp' is opened by 20632@Rafituki

[2026-02-28 11:35:57 #2 type] 
Type domain.User is not enhanced.

[2026-02-28 11:35:57 #3 type] 
Type domain.Seller is not enhanced.

[2026-02-28 11:35:57 #4 type] 
Type domain.Sale is not enhanced.

------------------------------------------------------------------------------------------------------------------------

[2026-02-28 11:37:55 #1 store] 
Database 'C:\Users\rafae\eclipse-workspace\Market26_edit\src\main\resources\products.temp' is opened by 7516@Rafituki

[2026-02-28 11:37:55 #2 type] 
Type domain.User is not enhanced.

[2026-02-28 11:37:55 #3 type] 
Type domain.Seller is not enhanced.

[2026-02-28 11:37:55 #4 type] 
Type domain.Sale is not enhanced.

------------------------------------------------------------------------------------------------------------------------

[2026-02-28 11:38:46 #1 store] 
Database 'C:\Users\rafae\eclipse-workspace\Market26_edit\src\main\resources\products.temp' is opened by 2648@Rafituki

[2026-02-28 11:38:46 #2 type] 
Type domain.User is not enhanced.

[2026-02-28 11:38:46 #3 type] 
Type domain.Seller is not enhanced.

[2026-02-28 11:38:46 #4 type] 
Type domain.Sale is not enhanced.

------------------------------------------------------------------------------------------------------------------------

[2026-02-28 11:42:54 #1 store] 
Database 'C:\Users\rafae\eclipse-workspace\Market26_edit\src\main\resources\products.temp' is opened by 17712@Rafituki

[2026-02-28 11:42:54 #2 type] 
Type domain.User is not enhanced.

[2026-02-28 11:42:54 #3 type] 
Type domain.Seller is not enhanced.

[2026-02-28 11:42:54 #4 type] 
Type domain.Sale is not enhanced.

------------------------------------------------------------------------------------------------------------------------

[2026-02-28 11:44:40 #1 store] 
Database 'C:\Users\rafae\eclipse-workspace\Market26_edit\src\main\resources\products.temp' is opened by 13088@Rafituki

[2026-02-28 11:44:40 #2 type] 
Type domain.User is not enhanced.

[2026-02-28 11:44:40 #3 type] 
Type domain.Seller is not enhanced.

[2026-02-28 11:44:40 #4 type] 
Type domain.Sale is not enhanced.

------------------------------------------------------------------------------------------------------------------------

[2026-02-28 11:49:13 #1 store] 
Database 'C:\Users\rafae\eclipse-workspace\Market26_edit\src\main\resources\products.temp' is opened by 21480@Rafituki

[2026-02-28 11:49:13 #2 type] 
Type domain.User is not enhanced.

[2026-02-28 11:49:13 #3 type] 
Type domain.Seller is not enhanced.

[2026-02-28 11:49:13 #4 type] 
Type domain.Sale is not enhanced.

------------------------------------------------------------------------------------------------------------------------

[2026-02-28 11:50:02 #1 store] 
Database 'C:\Users\rafae\eclipse-workspace\Market26_edit\src\main\resources\products.temp' has been recovered (tr. 8-8)

[2026-02-28 11:50:02 #2 store] 
Database 'C:\Users\rafae\eclipse-workspace\Market26_edit\src\main\resources\products.temp' is opened by 21400@Rafituki

[2026-02-28 11:50:02 #3 type] 
Type domain.User is not enhanced.

[2026-02-28 11:50:02 #4 type] 
Type domain.Seller is not enhanced.

[2026-02-28 11:50:02 #5 type] 
Type domain.Sale is not enhanced.

------------------------------------------------------------------------------------------------------------------------

[2026-02-28 11:54:38 #1 store] 
Database 'C:\Users\rafae\eclipse-workspace\Market26_edit\src\main\resources\products.temp' has been recovered (tr. 9-9)

[2026-02-28 11:54:38 #2 store] 
Database 'C:\Users\rafae\eclipse-workspace\Market26_edit\src\main\resources\products.temp' is opened by 16732@Rafituki

[2026-02-28 11:54:38 #3 type] 
Type domain.User is not enhanced.

[2026-02-28 11:54:38 #4 type] 
Type domain.Seller is not enhanced.

[2026-02-28 11:54:38 #5 type] 
Type domain.Sale is not enhanced.

------------------------------------------------------------------------------------------------------------------------

[2026-02-28 11:55:19 #1 store] 
Database 'C:\Users\rafae\eclipse-workspace\Market26_edit\src\main\resources\products.temp' is opened by 20632@Rafituki

[2026-02-28 11:55:19 #2 type] 
Type domain.User is not enhanced.

[2026-02-28 11:55:19 #3 type] 
Type domain.Seller is not enhanced.

[2026-02-28 11:55:19 #4 type] 
Type domain.Sale is not enhanced.

------------------------------------------------------------------------------------------------------------------------

[2026-02-28 11:55:51 #1 store] 
Database 'C:\Users\rafae\eclipse-workspace\Market26_edit\src\main\resources\products.temp' is opened by 9412@Rafituki

[2026-02-28 11:55:51 #2 type] 
Type domain.User is not enhanced.

[2026-02-28 11:55:51 #3 type] 
Type domain.Seller is not enhanced.

[2026-02-28 11:55:51 #4 type] 
Type domain.Sale is not enhanced.

------------------------------------------------------------------------------------------------------------------------

[2026-02-28 12:03:58 #1 store] 
Database 'C:\Users\rafae\eclipse-workspace\Market26_edit\src\main\resources\products.temp' has been recovered (tr. 10-11)

[2026-02-28 12:03:58 #2 store] 
Database 'C:\Users\rafae\eclipse-workspace\Market26_edit\src\main\resources\products.temp' is opened by 21680@Rafituki

[2026-02-28 12:03:58 #3 type] 
Type domain.User is not enhanced.

[2026-02-28 12:03:58 #4 type] 
Type domain.Seller is not enhanced.

[2026-02-28 12:03:58 #5 type] 
Type domain.Sale is not enhanced.

------------------------------------------------------------------------------------------------------------------------

[2026-02-28 12:08:34 #1 store] 
Database 'C:\Users\rafae\eclipse-workspace\Market26_edit\src\main\resources\products.temp' is opened by 8560@Rafituki

[2026-02-28 12:08:34 #2 type] 
Type domain.User is not enhanced.

[2026-02-28 12:08:34 #3 type] 
Type domain.Seller is not enhanced.

[2026-02-28 12:08:34 #4 type] 
Type domain.Sale is not enhanced.

------------------------------------------------------------------------------------------------------------------------

[2026-02-28 12:10:26 #1 store] 
Database 'C:\Users\rafae\eclipse-workspace\Market26_edit\src\main\resources\products.temp' has been recovered (tr. 12-13)

[2026-02-28 12:10:26 #2 store] 
Database 'C:\Users\rafae\eclipse-workspace\Market26_edit\src\main\resources\products.temp' is opened by 13552@Rafituki

[2026-02-28 12:10:26 #3 type] 
Type domain.User is not enhanced.

[2026-02-28 12:10:26 #4 type] 
Type domain.Seller is not enhanced.

[2026-02-28 12:10:26 #5 type] 
Type domain.Sale is not enhanced.

------------------------------------------------------------------------------------------------------------------------

[2026-02-28 12:16:30 #1 store] 
Database 'C:\Users\rafae\eclipse-workspace\Market26_edit\src\main\resources\products.temp' has been recovered (tr. 14-16)

[2026-02-28 12:16:30 #2 store] 
Database 'C:\Users\rafae\eclipse-workspace\Market26_edit\src\main\resources\products.temp' is opened by 772@Rafituki

[2026-02-28 12:16:30 #3 type] 
Type domain.User is not enhanced.

[2026-02-28 12:16:30 #4 type] 
Type domain.Seller is not enhanced.

[2026-02-28 12:16:30 #5 type] 
Type domain.Sale is not enhanced.

------------------------------------------------------------------------------------------------------------------------

[2026-02-28 12:17:38 #1 store] 
Database 'C:\Users\rafae\eclipse-workspace\Market26_edit\src\main\resources\products.temp' has been recovered (tr. 17-18)

[2026-02-28 12:17:38 #2 store] 
Database 'C:\Users\rafae\eclipse-workspace\Market26_edit\src\main\resources\products.temp' is opened by 18916@Rafituki

[2026-02-28 12:17:38 #3 type] 
Type domain.User is not enhanced.

[2026-02-28 12:17:38 #4 type] 
Type domain.Seller is not enhanced.

[2026-02-28 12:17:38 #5 type] 
Type domain.Sale is not enhanced.

------------------------------------------------------------------------------------------------------------------------

[2026-02-28 12:18:49 #1 store] 
Database 'C:\Users\rafae\eclipse-workspace\Market26_edit\src\main\resources\products.temp' has been recovered (tr. 19-20)

[2026-02-28 12:18:49 #2 store] 
Database 'C:\Users\rafae\eclipse-workspace\Market26_edit\src\main\resources\products.temp' is opened by 12496@Rafituki

[2026-02-28 12:18:49 #3 type] 
Type domain.User is not enhanced.

[2026-02-28 12:18:49 #4 type] 
Type domain.Seller is not enhanced.

[2026-02-28 12:18:49 #5 type] 
Type domain.Sale is not enhanced.

------------------------------------------------------------------------------------------------------------------------

[2026-02-28 12:18:56 #1 store] 
Database 'C:\Users\rafae\eclipse-workspace\Market26_edit\src\main\resources\products.temp' is opened by 17632@Rafituki

[2026-02-28 12:18:56 #2 type] 
Type domain.User is not enhanced.

[2026-02-28 12:18:56 #3 type] 
Type domain.Seller is not enhanced.

[2026-02-28 12:18:56 #4 type] 
Type domain.Sale is not enhanced.

------------------------------------------------------------------------------------------------------------------------

[2026-02-28 12:21:12 #1 store] 
Database 'C:\Users\rafae\eclipse-workspace\Market26_edit\src\main\resources\products.temp' is opened by 4000@Rafituki

[2026-02-28 12:21:12 #2 type] 
Type domain.User is not enhanced.

[2026-02-28 12:21:12 #3 type] 
Type domain.Seller is not enhanced.

[2026-02-28 12:21:12 #4 type] 
Type domain.Sale is not enhanced.

------------------------------------------------------------------------------------------------------------------------

[2026-02-28 12:21:23 #1 store] 
Database 'C:\Users\rafae\eclipse-workspace\Market26_edit\src\main\resources\products.temp' is opened by 1564@Rafituki

[2026-02-28 12:21:23 #2 type] 
Type domain.User is not enhanced.

[2026-02-28 12:21:23 #3 type] 
Type domain.Seller is not enhanced.

[2026-02-28 12:21:23 #4 type] 
Type domain.Sale is not enhanced.

------------------------------------------------------------------------------------------------------------------------

[2026-02-28 12:21:47 #1 store] 
Database 'C:\Users\rafae\eclipse-workspace\Market26_edit\src\main\resources\products.temp' is opened by 12072@Rafituki

[2026-02-28 12:21:47 #2 type] 
Type domain.User is not enhanced.

[2026-02-28 12:21:47 #3 type] 
Type domain.Seller is not enhanced.

[2026-02-28 12:21:47 #4 type] 
Type domain.Sale is not enhanced.

------------------------------------------------------------------------------------------------------------------------

[2026-02-28 12:21:59 #1 store] 
Database 'C:\Users\rafae\eclipse-workspace\Market26_edit\src\main\resources\products.temp' is opened by 18280@Rafituki

[2026-02-28 12:21:59 #2 type] 
Type domain.User is not enhanced.

[2026-02-28 12:21:59 #3 type] 
Type domain.Seller is not enhanced.

[2026-02-28 12:21:59 #4 type] 
Type domain.Sale is not enhanced.

------------------------------------------------------------------------------------------------------------------------

[2026-02-28 12:22:15 #1 store] 
Database 'C:\Users\rafae\eclipse-workspace\Market26_edit\src\main\resources\products.temp' is opened by 17752@Rafituki

[2026-02-28 12:22:15 #2 type] 
Type domain.User is not enhanced.

[2026-02-28 12:22:15 #3 type] 
Type domain.Seller is not enhanced.

[2026-02-28 12:22:15 #4 type] 
Type domain.Sale is not enhanced.

------------------------------------------------------------------------------------------------------------------------

[2026-02-28 12:23:04 #1 store] 
Database 'C:\Users\rafae\eclipse-workspace\Market26_edit\src\main\resources\products.temp' is opened by 8680@Rafituki

[2026-02-28 12:23:05 #2 type] 
Type domain.User is not enhanced.

[2026-02-28 12:23:05 #3 type] 
Type domain.Seller is not enhanced.

[2026-02-28 12:23:05 #4 type] 
Type domain.Sale is not enhanced.

------------------------------------------------------------------------------------------------------------------------

[2026-02-28 12:26:28 #1 store] 
Database 'C:\Users\rafae\eclipse-workspace\Market26_edit\src\main\resources\products.temp' is opened by 9688@Rafituki

[2026-02-28 12:26:28 #2 type] 
Type domain.User is not enhanced.

[2026-02-28 12:26:28 #3 type] 
Type domain.Seller is not enhanced.

[2026-02-28 12:26:28 #4 type] 
Type domain.Sale is not enhanced.

------------------------------------------------------------------------------------------------------------------------

[2026-02-28 12:47:55 #1 store] 
Database 'C:\Users\rafae\eclipse-workspace\Market26_edit\src\main\resources\products.temp' is opened by 13936@Rafituki

[2026-02-28 12:47:55 #2 type] 
Type domain.User is not enhanced.

[2026-02-28 12:47:55 #3 type] 
Type domain.Seller is not enhanced.

[2026-02-28 12:47:55 #4 type] 
Type domain.Sale is not enhanced.

------------------------------------------------------------------------------------------------------------------------

[2026-02-28 12:47:59 #1 store] 
Database 'C:\Users\rafae\eclipse-workspace\Market26_edit\src\main\resources\products.temp' is opened by 20612@Rafituki

[2026-02-28 12:47:59 #2 type] 
Type domain.User is not enhanced.

[2026-02-28 12:47:59 #3 type] 
Type domain.Seller is not enhanced.

[2026-02-28 12:47:59 #4 type] 
Type domain.Sale is not enhanced.

------------------------------------------------------------------------------------------------------------------------

[2026-02-28 12:48:34 #1 store] 
Database 'C:\Users\rafae\eclipse-workspace\Market26_edit\src\main\resources\products.temp' is opened by 7736@Rafituki

[2026-02-28 12:48:34 #2 type] 
Type domain.User is not enhanced.

[2026-02-28 12:48:34 #3 type] 
Type domain.Seller is not enhanced.

[2026-02-28 12:48:34 #4 type] 
Type domain.Sale is not enhanced.

------------------------------------------------------------------------------------------------------------------------

[2026-02-28 13:05:20 #1 store] 
Database 'C:\Users\rafae\eclipse-workspace\Market26_edit\src\main\resources\products.temp' is opened by 2056@Rafituki

[2026-02-28 13:05:21 #2 type] 
Type domain.User is not enhanced.

[2026-02-28 13:05:21 #3 type] 
Type domain.Seller is not enhanced.

[2026-02-28 13:05:21 #4 type] 
Type domain.Sale is not enhanced.

------------------------------------------------------------------------------------------------------------------------

[2026-02-28 13:06:20 #1 store] 
Database 'C:\Users\rafae\eclipse-workspace\Market26_edit\src\main\resources\products.temp' is opened by 7628@Rafituki

[2026-02-28 13:06:20 #2 type] 
Type domain.User is not enhanced.

[2026-02-28 13:06:20 #3 type] 
Type domain.Seller is not enhanced.

[2026-02-28 13:06:20 #4 type] 
Type domain.Sale is not enhanced.

------------------------------------------------------------------------------------------------------------------------

[2026-02-28 13:06:27 #1 store] 
Database 'C:\Users\rafae\eclipse-workspace\Market26_edit\src\main\resources\products.temp' is opened by 22060@Rafituki

[2026-02-28 13:06:27 #2 type] 
Type domain.User is not enhanced.

[2026-02-28 13:06:27 #3 type] 
Type domain.Seller is not enhanced.

[2026-02-28 13:06:27 #4 type] 
Type domain.Sale is not enhanced.

------------------------------------------------------------------------------------------------------------------------

[2026-02-28 13:11:55 #1 store] 
Database 'C:\Users\rafae\eclipse-workspace\Market26_edit\src\main\resources\products.temp' is opened by 15508@Rafituki

[2026-02-28 13:11:56 #2 type] 
Type domain.User is not enhanced.

[2026-02-28 13:11:56 #3 type] 
Type domain.Seller is not enhanced.

[2026-02-28 13:11:56 #4 type] 
Type domain.Sale is not enhanced.

------------------------------------------------------------------------------------------------------------------------

[2026-02-28 13:12:36 #1 store] 
Database 'C:\Users\rafae\eclipse-workspace\Market26_edit\src\main\resources\products.temp' is opened by 19380@Rafituki

[2026-02-28 13:12:36 #2 type] 
Type domain.User is not enhanced.

[2026-02-28 13:12:36 #3 type] 
Type domain.Seller is not enhanced.

[2026-02-28 13:12:36 #4 type] 
Type domain.Sale is not enhanced.

------------------------------------------------------------------------------------------------------------------------

[2026-02-28 13:17:48 #1 store] 
Database 'C:\Users\rafae\eclipse-workspace\Market26_edit\src\main\resources\products.temp' has been recovered (tr. 21-21)

[2026-02-28 13:17:48 #2 store] 
Database 'C:\Users\rafae\eclipse-workspace\Market26_edit\src\main\resources\products.temp' is opened by 8468@Rafituki

[2026-02-28 13:17:48 #3 type] 
Type domain.User is not enhanced.

[2026-02-28 13:17:48 #4 type] 
Type domain.Seller is not enhanced.

[2026-02-28 13:17:48 #5 type] 
Type domain.Sale is not enhanced.

------------------------------------------------------------------------------------------------------------------------

[2026-02-28 13:23:43 #1 store] 
Database 'C:\Users\rafae\eclipse-workspace\Market26_edit\src\main\resources\products.temp' is opened by 7612@Rafituki

[2026-02-28 13:23:43 #2 type] 
Type domain.User is not enhanced.

[2026-02-28 13:23:43 #3 type] 
Type domain.Seller is not enhanced.

[2026-02-28 13:23:43 #4 type] 
Type domain.Sale is not enhanced.

------------------------------------------------------------------------------------------------------------------------

[2026-02-28 13:23:52 #1 store] 
Database 'C:\Users\rafae\eclipse-workspace\Market26_edit\src\main\resources\products.temp' is opened by 7032@Rafituki

[2026-02-28 13:23:52 #2 type] 
Type domain.User is not enhanced.

[2026-02-28 13:23:52 #3 type] 
Type domain.Seller is not enhanced.

[2026-02-28 13:23:52 #4 type] 
Type domain.Sale is not enhanced.

------------------------------------------------------------------------------------------------------------------------

[2026-02-28 16:17:30 #1 store] 
Database 'C:\Users\rafae\eclipse-workspace\Market26_edit\src\main\resources\products.temp' is opened by 21512@Rafituki

[2026-02-28 16:17:30 #2 type] 
Type domain.User is not enhanced.

[2026-02-28 16:17:30 #3 type] 
Type domain.Seller is not enhanced.

[2026-02-28 16:17:30 #4 type] 
Type domain.Sale is not enhanced.

------------------------------------------------------------------------------------------------------------------------

[2026-02-28 16:27:33 #1 store] 
Database 'C:\Users\rafae\eclipse-workspace\Market26_edit\src\main\resources\products.temp' is opened by 3164@Rafituki

[2026-02-28 16:27:33 #2 type] 
Type domain.User is not enhanced.

[2026-02-28 16:27:33 #3 type] 
Type domain.Seller is not enhanced.

[2026-02-28 16:27:33 #4 type] 
Type domain.Sale is not enhanced.

------------------------------------------------------------------------------------------------------------------------

[2026-02-28 16:27:52 #1 store] 
Database 'C:\Users\rafae\eclipse-workspace\Market26_edit\src\main\resources\products.temp' is opened by 16836@Rafituki

[2026-02-28 16:27:52 #2 type] 
Type domain.User is not enhanced.

[2026-02-28 16:27:52 #3 type] 
Type domain.Seller is not enhanced.

[2026-02-28 16:27:52 #4 type] 
Type domain.Sale is not enhanced.

------------------------------------------------------------------------------------------------------------------------

[2026-02-28 16:35:52 #1 store] 
Database 'C:\Users\rafae\eclipse-workspace\Market26_edit\src\main\resources\products.temp' is opened by 11584@Rafituki

[2026-02-28 16:35:52 #2 type] 
Type domain.User is not enhanced.

[2026-02-28 16:35:52 #3 type] 
Type domain.Seller is not enhanced.

[2026-02-28 16:35:52 #4 type] 
Type domain.Sale is not enhanced.

------------------------------------------------------------------------------------------------------------------------

[2026-02-28 16:36:17 #1 store] 
Database 'C:\Users\rafae\eclipse-workspace\Market26_edit\src\main\resources\products.temp' is opened by 19092@Rafituki

[2026-02-28 16:36:17 #2 type] 
Type domain.User is not enhanced.

[2026-02-28 16:36:17 #3 type] 
Type domain.Seller is not enhanced.

[2026-02-28 16:36:17 #4 type] 
Type domain.Sale is not enhanced.

------------------------------------------------------------------------------------------------------------------------

[2026-02-28 16:42:05 #1 store] 
Database 'C:\Users\rafae\eclipse-workspace\Market26_edit\src\main\resources\products.temp' has been recovered (tr. 22-22)

[2026-02-28 16:42:05 #2 store] 
Database 'C:\Users\rafae\eclipse-workspace\Market26_edit\src\main\resources\products.temp' is opened by 7184@Rafituki

[2026-02-28 16:42:05 #3 type] 
Type domain.User is not enhanced.

[2026-02-28 16:42:05 #4 type] 
Type domain.Seller is not enhanced.

[2026-02-28 16:42:05 #5 type] 
Type domain.Sale is not enhanced.

------------------------------------------------------------------------------------------------------------------------

[2026-02-28 16:44:53 #1 store] 
Database 'C:\Users\rafae\eclipse-workspace\Market26_edit\src\main\resources\products.temp' is opened by 20360@Rafituki

[2026-02-28 16:44:53 #2 type] 
Type domain.User is not enhanced.

[2026-02-28 16:44:53 #3 type] 
Type domain.Seller is not enhanced.

[2026-02-28 16:44:53 #4 type] 
Type domain.Sale is not enhanced.

------------------------------------------------------------------------------------------------------------------------

[2026-02-28 16:53:09 #1 store] 
Database 'C:\Users\rafae\eclipse-workspace\Market26_edit\src\main\resources\products.temp' is opened by 9164@Rafituki

[2026-02-28 16:53:09 #2 type] 
Type domain.User is not enhanced.

[2026-02-28 16:53:09 #3 type] 
Type domain.Seller is not enhanced.

[2026-02-28 16:53:09 #4 type] 
Type domain.Sale is not enhanced.

------------------------------------------------------------------------------------------------------------------------

[2026-02-28 16:56:33 #1 store] 
Database 'C:\Users\rafae\eclipse-workspace\Market26_edit\src\main\resources\products.temp' is opened by 10136@Rafituki

[2026-02-28 16:56:33 #2 type] 
Type domain.User is not enhanced.

[2026-02-28 16:56:33 #3 type] 
Type domain.Seller is not enhanced.

[2026-02-28 16:56:33 #4 type] 
Type domain.Sale is not enhanced.

------------------------------------------------------------------------------------------------------------------------

[2026-02-28 16:57:43 #1 store] 
Database 'C:\Users\rafae\eclipse-workspace\Market26_edit\src\main\resources\products.temp' is opened by 15396@Rafituki

[2026-02-28 16:57:43 #2 type] 
Type domain.User is not enhanced.

[2026-02-28 16:57:43 #3 type] 
Type domain.Seller is not enhanced.

[2026-02-28 16:57:43 #4 type] 
Type domain.Sale is not enhanced.

------------------------------------------------------------------------------------------------------------------------

[2026-02-28 16:57:57 #1 store] 
Database 'C:\Users\rafae\eclipse-workspace\Market26_edit\src\main\resources\products.temp' is opened by 20180@Rafituki

[2026-02-28 16:57:58 #2 type] 
Type domain.User is not enhanced.

[2026-02-28 16:57:58 #3 type] 
Type domain.Seller is not enhanced.

[2026-02-28 16:57:58 #4 type] 
Type domain.Sale is not enhanced.

------------------------------------------------------------------------------------------------------------------------

[2026-02-28 16:59:50 #1 store] 
Database 'C:\Users\rafae\eclipse-workspace\Market26_edit\src\main\resources\products.temp' is opened by 11328@Rafituki

[2026-02-28 16:59:51 #2 type] 
Type domain.User is not enhanced.

[2026-02-28 16:59:51 #3 type] 
Type domain.Seller is not enhanced.

[2026-02-28 16:59:51 #4 type] 
Type domain.Sale is not enhanced.

------------------------------------------------------------------------------------------------------------------------

[2026-02-28 17:01:01 #1 store] 
Database 'C:\Users\rafae\eclipse-workspace\Market26_edit\src\main\resources\products.temp' is opened by 19144@Rafituki

[2026-02-28 17:01:01 #2 type] 
Type domain.User is not enhanced.

[2026-02-28 17:01:01 #3 type] 
Type domain.Seller is not enhanced.

[2026-02-28 17:01:01 #4 type] 
Type domain.Sale is not enhanced.

------------------------------------------------------------------------------------------------------------------------

[2026-02-28 17:02:08 #1 store] 
Database 'C:\Users\rafae\eclipse-workspace\Market26_edit\src\main\resources\products.temp' is opened by 6452@Rafituki

[2026-02-28 17:02:09 #2 type] 
Type domain.User is not enhanced.

[2026-02-28 17:02:09 #3 type] 
Type domain.Seller is not enhanced.

[2026-02-28 17:02:09 #4 type] 
Type domain.Sale is not enhanced.

------------------------------------------------------------------------------------------------------------------------

[2026-02-28 17:02:16 #1 store] 
Database 'C:\Users\rafae\eclipse-workspace\Market26_edit\src\main\resources\products.temp' is opened by 12832@Rafituki

[2026-02-28 17:02:16 #2 type] 
Type domain.User is not enhanced.

[2026-02-28 17:02:16 #3 type] 
Type domain.Seller is not enhanced.

[2026-02-28 17:02:16 #4 type] 
Type domain.Sale is not enhanced.

------------------------------------------------------------------------------------------------------------------------

[2026-02-28 17:02:26 #1 store] 
Database 'C:\Users\rafae\eclipse-workspace\Market26_edit\src\main\resources\products.temp' is opened by 11792@Rafituki

[2026-02-28 17:02:26 #2 type] 
Type domain.User is not enhanced.

[2026-02-28 17:02:26 #3 type] 
Type domain.Seller is not enhanced.

[2026-02-28 17:02:26 #4 type] 
Type domain.Sale is not enhanced.

------------------------------------------------------------------------------------------------------------------------

[2026-02-28 17:03:06 #1 store] 
Database 'C:\Users\rafae\eclipse-workspace\Market26_edit\src\main\resources\products.temp' is opened by 8248@Rafituki

[2026-02-28 17:03:07 #2 type] 
Type domain.User is not enhanced.

[2026-02-28 17:03:07 #3 type] 
Type domain.Seller is not enhanced.

[2026-02-28 17:03:07 #4 type] 
Type domain.Sale is not enhanced.

------------------------------------------------------------------------------------------------------------------------

[2026-02-28 17:07:28 #1 store] 
Database 'C:\Users\rafae\eclipse-workspace\Market26_edit\src\main\resources\products.temp' is opened by 21032@Rafituki

[2026-02-28 17:07:28 #2 type] 
Type domain.User is not enhanced.

[2026-02-28 17:07:28 #3 type] 
Type domain.Seller is not enhanced.

[2026-02-28 17:07:28 #4 type] 
Type domain.Sale is not enhanced.

------------------------------------------------------------------------------------------------------------------------

[2026-02-28 17:07:50 #1 store] 
Database 'C:\Users\rafae\eclipse-workspace\Market26_edit\src\main\resources\products.temp' is opened by 5460@Rafituki

[2026-02-28 17:07:50 #2 type] 
Type domain.User is not enhanced.

[2026-02-28 17:07:50 #3 type] 
Type domain.Seller is not enhanced.

[2026-02-28 17:07:50 #4 type] 
Type domain.Sale is not enhanced.

------------------------------------------------------------------------------------------------------------------------

[2026-02-28 17:08:15 #1 store] 
Database 'C:\Users\rafae\eclipse-workspace\Market26_edit\src\main\resources\products.temp' is opened by 8152@Rafituki

[2026-02-28 17:08:15 #2 type] 
Type domain.User is not enhanced.

[2026-02-28 17:08:15 #3 type] 
Type domain.Seller is not enhanced.

[2026-02-28 17:08:15 #4 type] 
Type domain.Sale is not enhanced.

------------------------------------------------------------------------------------------------------------------------

[2026-02-28 17:11:26 #1 store] 
Database 'C:\Users\rafae\eclipse-workspace\Market26_edit\src\main\resources\products.temp' is opened by 15388@Rafituki

[2026-02-28 17:11:26 #2 type] 
Type domain.User is not enhanced.

[2026-02-28 17:11:26 #3 type] 
Type domain.Seller is not enhanced.

[2026-02-28 17:11:26 #4 type] 
Type domain.Sale is not enhanced.

------------------------------------------------------------------------------------------------------------------------

[2026-02-28 17:14:55 #1 store] 
Database 'C:\Users\rafae\eclipse-workspace\Market26_edit\src\main\resources\products.temp' is opened by 6060@Rafituki

[2026-02-28 17:14:55 #2 type] 
Type domain.User is not enhanced.

[2026-02-28 17:14:55 #3 type] 
Type domain.Seller is not enhanced.

[2026-02-28 17:14:55 #4 type] 
Type domain.Sale is not enhanced.

------------------------------------------------------------------------------------------------------------------------

[2026-02-28 17:16:32 #1 store] 
Database 'C:\Users\rafae\eclipse-workspace\Market26_edit\src\main\resources\products.temp' is opened by 21168@Rafituki

[2026-02-28 17:16:32 #2 type] 
Type domain.User is not enhanced.

[2026-02-28 17:16:32 #3 type] 
Type domain.Seller is not enhanced.

[2026-02-28 17:16:32 #4 type] 
Type domain.Sale is not enhanced.

------------------------------------------------------------------------------------------------------------------------

[2026-02-28 19:30:01 #1 store] 
Database 'C:\Users\rafae\eclipse-workspace\Market26_edit3\src\main\resources\products.temp' is opened by 17820@Rafituki

[2026-02-28 19:30:01 #2 type] 
Type domain.User is not enhanced.

[2026-02-28 19:30:01 #3 type] 
Type domain.Seller is not enhanced.

[2026-02-28 19:30:01 #4 type] 
Type domain.Sale is not enhanced.

------------------------------------------------------------------------------------------------------------------------

[2026-02-28 19:30:57 #1 store] 
Database 'C:\Users\rafae\eclipse-workspace\Market26_edit3\src\main\resources\products.temp' has been recovered (tr. 23-25)

[2026-02-28 19:30:57 #2 store] 
Database 'C:\Users\rafae\eclipse-workspace\Market26_edit3\src\main\resources\products.temp' is opened by 20148@Rafituki

[2026-02-28 19:30:58 #3 type] 
Type domain.User is not enhanced.

[2026-02-28 19:30:58 #4 type] 
Type domain.Seller is not enhanced.

[2026-02-28 19:30:58 #5 type] 
Type domain.Sale is not enhanced.

------------------------------------------------------------------------------------------------------------------------

[2026-02-28 19:37:06 #1 store] 
Database 'C:\Users\rafae\eclipse-workspace\Market26_edit3\src\main\resources\products.temp' is opened by 17652@Rafituki

[2026-02-28 19:37:06 #2 type] 
Type domain.User is not enhanced.

[2026-02-28 19:37:06 #3 type] 
Type domain.Seller is not enhanced.

[2026-02-28 19:37:06 #4 type] 
Type domain.Sale is not enhanced.

------------------------------------------------------------------------------------------------------------------------

[2026-02-28 19:43:39 #1 store] 
Database 'C:\Users\rafae\eclipse-workspace\Market26_edit3\src\main\resources\products.temp' is opened by 4924@Rafituki

[2026-02-28 19:43:39 #2 type] 
Type domain.User is not enhanced.

[2026-02-28 19:43:39 #3 type] 
Type domain.Seller is not enhanced.

[2026-02-28 19:43:39 #4 type] 
Type domain.Sale is not enhanced.

------------------------------------------------------------------------------------------------------------------------

[2026-02-28 19:47:25 #1 store] 
Database 'C:\Users\rafae\eclipse-workspace\Market26_edit3\src\main\resources\products.temp' is opened by 17748@Rafituki

[2026-02-28 19:47:26 #2 type] 
Type domain.User is not enhanced.

[2026-02-28 19:47:26 #3 type] 
Type domain.Seller is not enhanced.

[2026-02-28 19:47:26 #4 type] 
Type domain.Sale is not enhanced.

------------------------------------------------------------------------------------------------------------------------

[2026-02-28 19:51:34 #1 store] 
Database 'C:\Users\rafae\eclipse-workspace\Market26_edit3\src\main\resources\products.temp' has been recovered (tr. 26-28)

[2026-02-28 19:51:34 #2 store] 
Database 'C:\Users\rafae\eclipse-workspace\Market26_edit3\src\main\resources\products.temp' is opened by 12608@Rafituki

[2026-02-28 19:51:34 #3 type] 
Type domain.User is not enhanced.

[2026-02-28 19:51:34 #4 type] 
Type domain.Seller is not enhanced.

[2026-02-28 19:51:34 #5 type] 
Type domain.Sale is not enhanced.

------------------------------------------------------------------------------------------------------------------------

[2026-02-28 20:07:36 #1 store] 
Database 'C:\Users\rafae\eclipse-workspace\Market26_edit3\src\main\resources\products.temp' has been recovered (tr. 29-30)

[2026-02-28 20:07:36 #2 store] 
Database 'C:\Users\rafae\eclipse-workspace\Market26_edit3\src\main\resources\products.temp' is opened by 18788@Rafituki

[2026-02-28 20:07:36 #3 type] 
Type domain.User is not enhanced.

[2026-02-28 20:07:36 #4 type] 
Type domain.Seller is not enhanced.

[2026-02-28 20:07:36 #5 type] 
Type domain.Sale is not enhanced.

------------------------------------------------------------------------------------------------------------------------

[2026-02-28 20:24:56 #1 store] 
Database 'C:\Users\rafae\eclipse-workspace\Market26_edit3\src\main\resources\products.temp' is opened by 14212@Rafituki

[2026-02-28 20:24:56 #2 type] 
Type domain.User is not enhanced.

[2026-02-28 20:24:56 #3 type] 
Type domain.Seller is not enhanced.

[2026-02-28 20:24:56 #4 type] 
Type domain.Sale is not enhanced.

------------------------------------------------------------------------------------------------------------------------

[2026-02-28 20:33:53 #1 store] 
Database 'C:\Users\rafae\eclipse-workspace\Market26_edit3\src\main\resources\products.temp' has been recovered (tr. 31-31)

[2026-02-28 20:33:53 #2 store] 
Database 'C:\Users\rafae\eclipse-workspace\Market26_edit3\src\main\resources\products.temp' is opened by 13492@Rafituki

[2026-02-28 20:33:53 #3 type] 
Type domain.User is not enhanced.

[2026-02-28 20:33:53 #4 type] 
Type domain.Seller is not enhanced.

[2026-02-28 20:33:53 #5 type] 
Type domain.Sale is not enhanced.

------------------------------------------------------------------------------------------------------------------------

[2026-02-28 20:41:17 #1 store] 
Database 'C:\Users\rafae\eclipse-workspace\Market26_edit3\src\main\resources\products.temp' is opened by 22832@Rafituki

[2026-02-28 20:41:17 #2 type] 
Type domain.User is not enhanced.

[2026-02-28 20:41:17 #3 type] 
Type domain.Seller is not enhanced.

[2026-02-28 20:41:17 #4 type] 
Type domain.Sale is not enhanced.

------------------------------------------------------------------------------------------------------------------------

[2026-02-28 20:48:59 #1 store] 
Database 'C:\Users\rafae\eclipse-workspace\Market26_edit3\src\main\resources\products.temp' has been recovered (tr. 32-32)

[2026-02-28 20:48:59 #2 store] 
Database 'C:\Users\rafae\eclipse-workspace\Market26_edit3\src\main\resources\products.temp' is opened by 16580@Rafituki

[2026-02-28 20:48:59 #3 type] 
Type domain.User is not enhanced.

[2026-02-28 20:48:59 #4 type] 
Type domain.Seller is not enhanced.

[2026-02-28 20:48:59 #5 type] 
Type domain.Sale is not enhanced.

------------------------------------------------------------------------------------------------------------------------

[2026-02-28 20:50:04 #1 store] 
Database 'C:\Users\rafae\eclipse-workspace\Market26_edit3\src\main\resources\products.temp' is opened by 23456@Rafituki

[2026-02-28 20:50:04 #2 type] 
Type domain.User is not enhanced.

[2026-02-28 20:50:04 #3 type] 
Type domain.Seller is not enhanced.

[2026-02-28 20:50:04 #4 type] 
Type domain.Sale is not enhanced.

------------------------------------------------------------------------------------------------------------------------

[2026-02-28 21:00:17 #1 store] 
Database 'C:\Users\rafae\eclipse-workspace\Market26_edit4\src\main\resources\products.temp' is opened by 13716@Rafituki

[2026-02-28 21:00:18 #2 type] 
Type domain.User is not enhanced.

[2026-02-28 21:00:18 #3 type] 
Type domain.Seller is not enhanced.

[2026-02-28 21:00:18 #4 type] 
Type domain.Sale is not enhanced.

------------------------------------------------------------------------------------------------------------------------

[2026-02-28 21:06:30 #1 store] 
Database 'C:\Users\rafae\eclipse-workspace\Market26_edit4\src\main\resources\products.temp' has been recovered (tr. 33-35)

[2026-02-28 21:06:30 #2 store] 
Database 'C:\Users\rafae\eclipse-workspace\Market26_edit4\src\main\resources\products.temp' is opened by 22840@Rafituki

[2026-02-28 21:06:30 #3 type] 
Type domain.User is not enhanced.

[2026-02-28 21:06:30 #4 type] 
Type domain.Seller is not enhanced.

[2026-02-28 21:06:30 #5 type] 
Type domain.Sale is not enhanced.

------------------------------------------------------------------------------------------------------------------------

[2026-02-28 21:11:26 #1 store] 
Database 'C:\Users\rafae\eclipse-workspace\Market26_edit5\src\main\resources\products.temp' is opened by 1680@Rafituki

[2026-02-28 21:11:26 #2 type] 
Type domain.User is not enhanced.

[2026-02-28 21:11:26 #3 type] 
Type domain.Seller is not enhanced.

[2026-02-28 21:11:26 #4 type] 
Type domain.Sale is not enhanced.

------------------------------------------------------------------------------------------------------------------------

[2026-02-28 21:11:53 #1 store] 
Database 'C:\Users\rafae\eclipse-workspace\Market26_edit5\src\main\resources\products.temp' is opened by 636@Rafituki

[2026-02-28 21:11:53 #2 type] 
Type domain.User is not enhanced.

[2026-02-28 21:11:53 #3 type] 
Type domain.Seller is not enhanced.

[2026-02-28 21:11:53 #4 type] 
Type domain.Sale is not enhanced.

------------------------------------------------------------------------------------------------------------------------

[2026-02-28 21:12:03 #1 store] 
Database 'C:\Users\rafae\eclipse-workspace\Market26_edit5\src\main\resources\products.temp' is opened by 19064@Rafituki

[2026-02-28 21:12:03 #2 type] 
Type domain.User is not enhanced.

[2026-02-28 21:12:03 #3 type] 
Type domain.Seller is not enhanced.

[2026-02-28 21:12:03 #4 type] 
Type domain.Sale is not enhanced.

------------------------------------------------------------------------------------------------------------------------

[2026-02-28 21:19:18 #1 store] 
Database 'C:\Users\rafae\eclipse-workspace\Market26_edit5\src\main\resources\products.temp' is opened by 21816@Rafituki

[2026-02-28 21:19:18 #2 type] 
Type domain.User is not enhanced.

[2026-02-28 21:19:18 #3 type] 
Type domain.Seller is not enhanced.

[2026-02-28 21:19:18 #4 type] 
Type domain.Sale is not enhanced.

------------------------------------------------------------------------------------------------------------------------

[2026-02-28 21:22:08 #1 store] 
Database 'C:\Users\rafae\eclipse-workspace\Market26_edit5\src\main\resources\products.temp' is opened by 12100@Rafituki

[2026-02-28 21:22:08 #2 type.registry] 
New type domain.User

[2026-02-28 21:22:08 #3 type.registry] 
New type domain.Seller

[2026-02-28 21:22:08 #4 type] 
Type domain.User is not enhanced.

[2026-02-28 21:22:08 #5 type] 
Type domain.Seller is not enhanced.

[2026-02-28 21:22:08 #6 type.registry] 
New type domain.Sale

[2026-02-28 21:22:08 #7 type] 
Type domain.Sale is not enhanced.

[2026-02-28 21:22:08 #8 type.registry] 
New type java.util.ArrayList<java.lang.Object>

[2026-02-28 21:22:08 #9 type.registry] 
New type java.util.ArrayList<domain.Sale>

------------------------------------------------------------------------------------------------------------------------

[2026-02-28 21:22:15 #1 store] 
Database 'C:\Users\rafae\eclipse-workspace\Market26_edit5\src\main\resources\products.temp' is opened by 3356@Rafituki

[2026-02-28 21:22:16 #2 type.registry] 
New type domain.User

[2026-02-28 21:22:16 #3 type.registry] 
New type domain.Seller

[2026-02-28 21:22:16 #4 type] 
Type domain.User is not enhanced.

[2026-02-28 21:22:16 #5 type] 
Type domain.Seller is not enhanced.

[2026-02-28 21:22:16 #6 type.registry] 
New type domain.Sale

[2026-02-28 21:22:16 #7 type] 
Type domain.Sale is not enhanced.

[2026-02-28 21:22:16 #8 type.registry] 
New type java.util.ArrayList<java.lang.Object>

[2026-02-28 21:22:16 #9 type.registry] 
New type java.util.ArrayList<domain.Sale>

------------------------------------------------------------------------------------------------------------------------

[2026-02-28 21:25:52 #1 store] 
Database 'C:\Users\rafae\eclipse-workspace\Market26_edit5\src\main\resources\products.temp' has been recovered (tr. 1-6)

[2026-02-28 21:25:52 #2 store] 
Database 'C:\Users\rafae\eclipse-workspace\Market26_edit5\src\main\resources\products.temp' is opened by 21632@Rafituki

[2026-02-28 21:25:53 #3 type] 
Type domain.User is not enhanced.

[2026-02-28 21:25:53 #4 type] 
Type domain.Seller is not enhanced.

[2026-02-28 21:25:53 #5 type] 
Type domain.Sale is not enhanced.

------------------------------------------------------------------------------------------------------------------------

[2026-02-28 21:26:44 #1 store] 
Database 'C:\Users\rafae\eclipse-workspace\Market26_edit5\src\main\resources\products.temp' has been recovered (tr. 7-7)

[2026-02-28 21:26:44 #2 store] 
Database 'C:\Users\rafae\eclipse-workspace\Market26_edit5\src\main\resources\products.temp' is opened by 3724@Rafituki

[2026-02-28 21:26:44 #3 type] 
Type domain.User is not enhanced.

[2026-02-28 21:26:44 #4 type] 
Type domain.Seller is not enhanced.

[2026-02-28 21:26:44 #5 type] 
Type domain.Sale is not enhanced.

------------------------------------------------------------------------------------------------------------------------

[2026-02-28 21:28:24 #1 store] 
Database 'C:\Users\rafae\eclipse-workspace\Market26_edit5\src\main\resources\products.temp' has been recovered (tr. 8-10)

[2026-02-28 21:28:24 #2 store] 
Database 'C:\Users\rafae\eclipse-workspace\Market26_edit5\src\main\resources\products.temp' is opened by 21124@Rafituki

[2026-02-28 21:28:24 #3 type] 
Type domain.User is not enhanced.

[2026-02-28 21:28:24 #4 type] 
Type domain.Seller is not enhanced.

[2026-02-28 21:28:24 #5 type] 
Type domain.Sale is not enhanced.

------------------------------------------------------------------------------------------------------------------------

[2026-02-28 22:57:22 #1 store] 
Database 'C:\Users\rafae\eclipse-workspace\Market26_edit5\src\main\resources\products.temp' is opened by 14116@Rafituki

[2026-02-28 22:57:22 #2 type] 
Type domain.User is not enhanced.

[2026-02-28 22:57:22 #3 type] 
Type domain.Seller is not enhanced.

[2026-02-28 22:57:22 #4 type] 
Type domain.Sale is not enhanced.

------------------------------------------------------------------------------------------------------------------------

[2026-02-28 22:58:50 #1 store] 
Database 'C:\Users\rafae\eclipse-workspace\Market26_edit5\src\main\resources\products.temp' has been recovered (tr. 11-12)

[2026-02-28 22:58:50 #2 store] 
Database 'C:\Users\rafae\eclipse-workspace\Market26_edit5\src\main\resources\products.temp' is opened by 21356@Rafituki

[2026-02-28 22:58:50 #3 type] 
Type domain.User is not enhanced.

[2026-02-28 22:58:50 #4 type] 
Type domain.Seller is not enhanced.

[2026-02-28 22:58:50 #5 type] 
Type domain.Sale is not enhanced.

