------------------------------------------------------------------------------------------------------------------------

[2026-04-09 15:11:16 #1 store] 
Database 'C:\Users\rafae\eclipse-workspace\CorrecciónPrimeraIteración2\src\main\resources\products.temp' is opened by 20012@Rafituki

[2026-04-09 15:11:16 #2 type] 
Type domain.User is not enhanced.

[2026-04-09 15:11:16 #3 type] 
Type domain.Seller is not enhanced.

[2026-04-09 15:11:16 #4 type] 
Type domain.Sale is not enhanced.

[2026-04-09 15:11:16 #5 type] 
Type domain.Offer is not enhanced.

------------------------------------------------------------------------------------------------------------------------

[2026-04-09 15:11:33 #1 store] 
Database 'C:\Users\rafae\eclipse-workspace\CorrecciónPrimeraIteración2\src\main\resources\products.temp' is opened by 3328@Rafituki

[2026-04-09 15:11:34 #2 type] 
Type domain.User is not enhanced.

[2026-04-09 15:11:34 #3 type] 
Type domain.Seller is not enhanced.

[2026-04-09 15:11:34 #4 type] 
Type domain.Sale is not enhanced.

[2026-04-09 15:11:34 #5 type] 
Type domain.Offer is not enhanced.

------------------------------------------------------------------------------------------------------------------------

[2026-04-09 15:11:42 #1 store] 
Database 'C:\Users\rafae\eclipse-workspace\CorrecciónPrimeraIteración2\src\main\resources\products.temp' is opened by 9056@Rafituki

[2026-04-09 15:11:42 #2 type] 
Type domain.User is not enhanced.

[2026-04-09 15:11:42 #3 type] 
Type domain.Seller is not enhanced.

[2026-04-09 15:11:42 #4 type] 
Type domain.Sale is not enhanced.

[2026-04-09 15:11:42 #5 type] 
Type domain.Offer is not enhanced.

------------------------------------------------------------------------------------------------------------------------

[2026-04-09 15:12:25 #1 store] 
Database 'C:\Users\rafae\eclipse-workspace\CorrecciónPrimeraIteración2\src\main\resources\products.temp' has been recovered (tr. 21-21)

[2026-04-09 15:12:25 #2 store] 
Database 'C:\Users\rafae\eclipse-workspace\CorrecciónPrimeraIteración2\src\main\resources\products.temp' is opened by 19572@Rafituki

[2026-04-09 15:12:26 #3 type] 
Type domain.User is not enhanced.

[2026-04-09 15:12:26 #4 type] 
Type domain.Seller is not enhanced.

[2026-04-09 15:12:26 #5 type] 
Type domain.Sale is not enhanced.

[2026-04-09 15:12:26 #6 type] 
Type domain.Offer is not enhanced.

------------------------------------------------------------------------------------------------------------------------

[2026-04-09 15:12:52 #1 store] 
Database 'C:\Users\rafae\eclipse-workspace\CorrecciónPrimeraIteración2\src\main\resources\products.temp' has been recovered (tr. 22-23)

[2026-04-09 15:12:52 #2 store] 
Database 'C:\Users\rafae\eclipse-workspace\CorrecciónPrimeraIteración2\src\main\resources\products.temp' is opened by 10780@Rafituki

[2026-04-09 15:12:52 #3 type] 
Type domain.User is not enhanced.

[2026-04-09 15:12:52 #4 type] 
Type domain.Seller is not enhanced.

[2026-04-09 15:12:52 #5 type] 
Type domain.Sale is not enhanced.

[2026-04-09 15:12:52 #6 type] 
Type domain.Offer is not enhanced.

------------------------------------------------------------------------------------------------------------------------

[2026-04-09 15:17:54 #1 store] 
Database 'C:\Users\rafae\eclipse-workspace\CorrecciónPrimeraIteración2\src\main\resources\products.temp' has been recovered (tr. 24-28)

[2026-04-09 15:17:54 #2 store] 
Database 'C:\Users\rafae\eclipse-workspace\CorrecciónPrimeraIteración2\src\main\resources\products.temp' is opened by 11640@Rafituki

[2026-04-09 15:17:54 #3 type] 
Type domain.User is not enhanced.

[2026-04-09 15:17:54 #4 type] 
Type domain.Seller is not enhanced.

[2026-04-09 15:17:54 #5 type] 
Type domain.Sale is not enhanced.

[2026-04-09 15:17:54 #6 type] 
Type domain.Offer is not enhanced.

------------------------------------------------------------------------------------------------------------------------

[2026-04-09 15:22:23 #1 store] 
Database 'C:\Users\rafae\eclipse-workspace\CorrecciónPrimeraIteración2\src\main\resources\products.temp' is opened by 19736@Rafituki

[2026-04-09 15:22:23 #2 type] 
Type domain.User is not enhanced.

[2026-04-09 15:22:23 #3 type] 
Type domain.Seller is not enhanced.

[2026-04-09 15:22:23 #4 type] 
Type domain.Sale is not enhanced.

[2026-04-09 15:22:23 #5 type] 
Type domain.Offer is not enhanced.

------------------------------------------------------------------------------------------------------------------------

[2026-04-09 15:23:27 #1 store] 
Database 'C:\Users\rafae\eclipse-workspace\CorrecciónPrimeraIteración2\src\main\resources\products.temp' is opened by 16356@Rafituki

[2026-04-09 15:23:27 #2 type.registry] 
New type domain.User

[2026-04-09 15:23:27 #3 type.registry] 
New type domain.Seller

[2026-04-09 15:23:27 #4 type] 
Type domain.User is not enhanced.

[2026-04-09 15:23:27 #5 type] 
Type domain.Seller is not enhanced.

[2026-04-09 15:23:27 #6 type.registry] 
New type domain.Sale

[2026-04-09 15:23:27 #7 type] 
Type domain.Sale is not enhanced.

[2026-04-09 15:23:27 #8 type.registry] 
New type domain.Offer

[2026-04-09 15:23:27 #9 type] 
Type domain.Offer is not enhanced.

[2026-04-09 15:23:27 #10 type.registry] 
New type java.util.ArrayList<java.lang.Object>

[2026-04-09 15:23:27 #11 type.registry] 
New type java.util.ArrayList<domain.Sale>

------------------------------------------------------------------------------------------------------------------------

[2026-04-09 15:23:35 #1 store] 
Database 'C:\Users\rafae\eclipse-workspace\CorrecciónPrimeraIteración2\src\main\resources\products.temp' has been recovered (tr. 1-6)

[2026-04-09 15:23:35 #2 store] 
Database 'C:\Users\rafae\eclipse-workspace\CorrecciónPrimeraIteración2\src\main\resources\products.temp' is opened by 10548@Rafituki

[2026-04-09 15:23:35 #3 type] 
Type domain.User is not enhanced.

[2026-04-09 15:23:35 #4 type] 
Type domain.Seller is not enhanced.

[2026-04-09 15:23:35 #5 type] 
Type domain.Sale is not enhanced.

[2026-04-09 15:23:35 #6 type] 
Type domain.Offer is not enhanced.

------------------------------------------------------------------------------------------------------------------------

[2026-04-09 15:24:07 #1 store] 
Database 'C:\Users\rafae\eclipse-workspace\CorrecciónPrimeraIteración2\src\main\resources\products.temp' has been recovered (tr. 7-7)

[2026-04-09 15:24:07 #2 store] 
Database 'C:\Users\rafae\eclipse-workspace\CorrecciónPrimeraIteración2\src\main\resources\products.temp' is opened by 18844@Rafituki

[2026-04-09 15:24:07 #3 type] 
Type domain.User is not enhanced.

[2026-04-09 15:24:07 #4 type] 
Type domain.Seller is not enhanced.

[2026-04-09 15:24:07 #5 type] 
Type domain.Sale is not enhanced.

[2026-04-09 15:24:07 #6 type] 
Type domain.Offer is not enhanced.

------------------------------------------------------------------------------------------------------------------------

[2026-04-09 15:24:18 #1 store] 
Database 'C:\Users\rafae\eclipse-workspace\CorrecciónPrimeraIteración2\src\main\resources\products.temp' is opened by 6252@Rafituki

[2026-04-09 15:24:18 #2 type] 
Type domain.User is not enhanced.

[2026-04-09 15:24:18 #3 type] 
Type domain.Seller is not enhanced.

[2026-04-09 15:24:18 #4 type] 
Type domain.Sale is not enhanced.

[2026-04-09 15:24:18 #5 type] 
Type domain.Offer is not enhanced.

[2026-04-09 15:24:28 #6 type.registry] 
New type java.util.ArrayList<domain.Offer>

------------------------------------------------------------------------------------------------------------------------

[2026-04-09 15:24:50 #1 store] 
Database 'C:\Users\rafae\eclipse-workspace\CorrecciónPrimeraIteración2\src\main\resources\products.temp' has been recovered (tr. 8-9)

[2026-04-09 15:24:50 #2 store] 
Database 'C:\Users\rafae\eclipse-workspace\CorrecciónPrimeraIteración2\src\main\resources\products.temp' is opened by 17124@Rafituki

[2026-04-09 15:24:50 #3 type] 
Type domain.User is not enhanced.

[2026-04-09 15:24:50 #4 type] 
Type domain.Seller is not enhanced.

[2026-04-09 15:24:50 #5 type] 
Type domain.Sale is not enhanced.

[2026-04-09 15:24:50 #6 type] 
Type domain.Offer is not enhanced.

------------------------------------------------------------------------------------------------------------------------

[2026-04-09 15:25:13 #1 store] 
Database 'C:\Users\rafae\eclipse-workspace\CorrecciónPrimeraIteración2\src\main\resources\products.temp' has been recovered (tr. 10-12)

[2026-04-09 15:25:13 #2 store] 
Database 'C:\Users\rafae\eclipse-workspace\CorrecciónPrimeraIteración2\src\main\resources\products.temp' is opened by 11908@Rafituki

[2026-04-09 15:25:13 #3 type] 
Type domain.User is not enhanced.

[2026-04-09 15:25:13 #4 type] 
Type domain.Seller is not enhanced.

[2026-04-09 15:25:13 #5 type] 
Type domain.Sale is not enhanced.

[2026-04-09 15:25:13 #6 type] 
Type domain.Offer is not enhanced.

------------------------------------------------------------------------------------------------------------------------

[2026-04-09 16:24:07 #1 store] 
Database 'C:\Users\rafae\eclipse-workspace\CorrecciónPrimeraIteración2\src\main\resources\products.temp' has been recovered (tr. 13-13)

[2026-04-09 16:24:07 #2 store] 
Database 'C:\Users\rafae\eclipse-workspace\CorrecciónPrimeraIteración2\src\main\resources\products.temp' is opened by 12440@Rafituki

[2026-04-09 16:24:07 #3 type] 
Type domain.User is not enhanced.

[2026-04-09 16:24:07 #4 type] 
Type domain.Seller is not enhanced.

[2026-04-09 16:24:07 #5 type] 
Type domain.Sale is not enhanced.

[2026-04-09 16:24:07 #6 type] 
Type domain.Offer is not enhanced.

------------------------------------------------------------------------------------------------------------------------

[2026-04-09 16:33:54 #1 store] 
Database 'C:\Users\rafae\eclipse-workspace\CorrecciónPrimeraIteración2\src\main\resources\products.temp' has been recovered (tr. 14-14)

[2026-04-09 16:33:55 #2 store] 
Database 'C:\Users\rafae\eclipse-workspace\CorrecciónPrimeraIteración2\src\main\resources\products.temp' is opened by 3936@Rafituki

[2026-04-09 16:33:55 #3 type] 
Type domain.User is not enhanced.

[2026-04-09 16:33:55 #4 type] 
Type domain.Seller is not enhanced.

[2026-04-09 16:33:55 #5 type] 
Type domain.Sale is not enhanced.

[2026-04-09 16:33:55 #6 type] 
Type domain.Offer is not enhanced.

------------------------------------------------------------------------------------------------------------------------

[2026-04-09 16:34:44 #1 store] 
Database 'C:\Users\rafae\eclipse-workspace\CorrecciónPrimeraIteración2\src\main\resources\products.temp' has been recovered (tr. 15-16)

[2026-04-09 16:34:44 #2 store] 
Database 'C:\Users\rafae\eclipse-workspace\CorrecciónPrimeraIteración2\src\main\resources\products.temp' is opened by 12620@Rafituki

[2026-04-09 16:34:44 #3 type] 
Type domain.User is not enhanced.

[2026-04-09 16:34:44 #4 type] 
Type domain.Seller is not enhanced.

[2026-04-09 16:34:44 #5 type] 
Type domain.Sale is not enhanced.

[2026-04-09 16:34:44 #6 type] 
Type domain.Offer is not enhanced.

------------------------------------------------------------------------------------------------------------------------

[2026-04-09 16:37:07 #1 store] 
Database 'C:\Users\rafae\eclipse-workspace\CorrecciónPrimeraIteración2\src\main\resources\products.temp' has been recovered (tr. 17-17)

[2026-04-09 16:37:07 #2 store] 
Database 'C:\Users\rafae\eclipse-workspace\CorrecciónPrimeraIteración2\src\main\resources\products.temp' is opened by 12880@Rafituki

[2026-04-09 16:37:07 #3 type] 
Type domain.User is not enhanced.

[2026-04-09 16:37:07 #4 type] 
Type domain.Seller is not enhanced.

[2026-04-09 16:37:07 #5 type] 
Type domain.Sale is not enhanced.

[2026-04-09 16:37:07 #6 type] 
Type domain.Offer is not enhanced.

------------------------------------------------------------------------------------------------------------------------

[2026-04-09 16:37:57 #1 store] 
Database 'C:\Users\rafae\eclipse-workspace\CorrecciónPrimeraIteración2\src\main\resources\products.temp' is opened by 14660@Rafituki

[2026-04-09 16:37:57 #2 type] 
Type domain.User is not enhanced.

[2026-04-09 16:37:57 #3 type] 
Type domain.Seller is not enhanced.

[2026-04-09 16:37:57 #4 type] 
Type domain.Sale is not enhanced.

[2026-04-09 16:37:57 #5 type] 
Type domain.Offer is not enhanced.

------------------------------------------------------------------------------------------------------------------------

[2026-04-09 16:38:04 #1 store] 
Database 'C:\Users\rafae\eclipse-workspace\CorrecciónPrimeraIteración2\src\main\resources\products.temp' is opened by 13928@Rafituki

[2026-04-09 16:38:04 #2 type] 
Type domain.User is not enhanced.

[2026-04-09 16:38:04 #3 type] 
Type domain.Seller is not enhanced.

[2026-04-09 16:38:04 #4 type] 
Type domain.Sale is not enhanced.

[2026-04-09 16:38:04 #5 type] 
Type domain.Offer is not enhanced.

------------------------------------------------------------------------------------------------------------------------

[2026-04-09 16:38:15 #1 store] 
Database 'C:\Users\rafae\eclipse-workspace\CorrecciónPrimeraIteración2\src\main\resources\products.temp' has been recovered (tr. 18-18)

[2026-04-09 16:38:15 #2 store] 
Database 'C:\Users\rafae\eclipse-workspace\CorrecciónPrimeraIteración2\src\main\resources\products.temp' is opened by 12084@Rafituki

[2026-04-09 16:38:15 #3 type] 
Type domain.User is not enhanced.

[2026-04-09 16:38:15 #4 type] 
Type domain.Seller is not enhanced.

[2026-04-09 16:38:15 #5 type] 
Type domain.Sale is not enhanced.

[2026-04-09 16:38:15 #6 type] 
Type domain.Offer is not enhanced.

------------------------------------------------------------------------------------------------------------------------

[2026-04-09 16:39:56 #1 store] 
Database 'C:\Users\rafae\eclipse-workspace\CorrecciónPrimeraIteración2\src\main\resources\products.temp' has been recovered (tr. 19-19)

[2026-04-09 16:39:56 #2 store] 
Database 'C:\Users\rafae\eclipse-workspace\CorrecciónPrimeraIteración2\src\main\resources\products.temp' is opened by 6588@Rafituki

[2026-04-09 16:39:56 #3 type] 
Type domain.User is not enhanced.

[2026-04-09 16:39:56 #4 type] 
Type domain.Seller is not enhanced.

[2026-04-09 16:39:56 #5 type] 
Type domain.Sale is not enhanced.

[2026-04-09 16:39:56 #6 type] 
Type domain.Offer is not enhanced.

------------------------------------------------------------------------------------------------------------------------

[2026-04-09 16:40:21 #1 store] 
Database 'C:\Users\rafae\eclipse-workspace\CorrecciónPrimeraIteración2\src\main\resources\products.temp' has been recovered (tr. 20-20)

[2026-04-09 16:40:21 #2 store] 
Database 'C:\Users\rafae\eclipse-workspace\CorrecciónPrimeraIteración2\src\main\resources\products.temp' is opened by 20408@Rafituki

[2026-04-09 16:40:21 #3 type] 
Type domain.User is not enhanced.

[2026-04-09 16:40:21 #4 type] 
Type domain.Seller is not enhanced.

[2026-04-09 16:40:21 #5 type] 
Type domain.Sale is not enhanced.

[2026-04-09 16:40:21 #6 type] 
Type domain.Offer is not enhanced.

------------------------------------------------------------------------------------------------------------------------

[2026-04-09 16:40:42 #1 store] 
Database 'C:\Users\rafae\eclipse-workspace\CorrecciónPrimeraIteración2\src\main\resources\products.temp' has been recovered (tr. 21-22)

[2026-04-09 16:40:42 #2 store] 
Database 'C:\Users\rafae\eclipse-workspace\CorrecciónPrimeraIteración2\src\main\resources\products.temp' is opened by 8200@Rafituki

[2026-04-09 16:40:42 #3 type] 
Type domain.User is not enhanced.

[2026-04-09 16:40:42 #4 type] 
Type domain.Seller is not enhanced.

[2026-04-09 16:40:42 #5 type] 
Type domain.Sale is not enhanced.

[2026-04-09 16:40:42 #6 type] 
Type domain.Offer is not enhanced.

------------------------------------------------------------------------------------------------------------------------

[2026-04-09 16:58:08 #1 store] 
Database 'C:\Users\rafae\eclipse-workspace\CorrecciónPrimeraIteración2\src\main\resources\products.temp' is opened by 8140@Rafituki

[2026-04-09 16:58:08 #2 type] 
Type domain.User is not enhanced.

[2026-04-09 16:58:08 #3 type] 
Type domain.Seller is not enhanced.

[2026-04-09 16:58:08 #4 type] 
Type domain.Sale is not enhanced.

[2026-04-09 16:58:08 #5 type] 
Type domain.Offer is not enhanced.

------------------------------------------------------------------------------------------------------------------------

[2026-04-09 16:58:22 #1 store] 
Database 'C:\Users\rafae\eclipse-workspace\CorrecciónPrimeraIteración2\src\main\resources\products.temp' is opened by 3064@Rafituki

[2026-04-09 16:58:22 #2 type] 
Type domain.User is not enhanced.

[2026-04-09 16:58:22 #3 type] 
Type domain.Seller is not enhanced.

[2026-04-09 16:58:22 #4 type] 
Type domain.Sale is not enhanced.

[2026-04-09 16:58:22 #5 type] 
Type domain.Offer is not enhanced.

------------------------------------------------------------------------------------------------------------------------

[2026-04-09 16:58:44 #1 store] 
Database 'C:\Users\rafae\eclipse-workspace\CorrecciónPrimeraIteración2\src\main\resources\products.temp' has been recovered (tr. 23-23)

[2026-04-09 16:58:44 #2 store] 
Database 'C:\Users\rafae\eclipse-workspace\CorrecciónPrimeraIteración2\src\main\resources\products.temp' is opened by 7532@Rafituki

[2026-04-09 16:58:44 #3 type] 
Type domain.User is not enhanced.

[2026-04-09 16:58:44 #4 type] 
Type domain.Seller is not enhanced.

[2026-04-09 16:58:44 #5 type] 
Type domain.Sale is not enhanced.

[2026-04-09 16:58:44 #6 type] 
Type domain.Offer is not enhanced.

------------------------------------------------------------------------------------------------------------------------

[2026-04-09 16:59:32 #1 store] 
Database 'C:\Users\rafae\eclipse-workspace\CorrecciónPrimeraIteración2\src\main\resources\products.temp' has been recovered (tr. 24-25)

[2026-04-09 16:59:32 #2 store] 
Database 'C:\Users\rafae\eclipse-workspace\CorrecciónPrimeraIteración2\src\main\resources\products.temp' is opened by 17208@Rafituki

[2026-04-09 16:59:32 #3 type] 
Type domain.User is not enhanced.

[2026-04-09 16:59:32 #4 type] 
Type domain.Seller is not enhanced.

[2026-04-09 16:59:32 #5 type] 
Type domain.Sale is not enhanced.

[2026-04-09 16:59:32 #6 type] 
Type domain.Offer is not enhanced.

------------------------------------------------------------------------------------------------------------------------

[2026-04-09 16:59:54 #1 store] 
Database 'C:\Users\rafae\eclipse-workspace\CorrecciónPrimeraIteración2\src\main\resources\products.temp' has been recovered (tr. 26-27)

[2026-04-09 16:59:54 #2 store] 
Database 'C:\Users\rafae\eclipse-workspace\CorrecciónPrimeraIteración2\src\main\resources\products.temp' is opened by 10552@Rafituki

[2026-04-09 16:59:54 #3 type] 
Type domain.User is not enhanced.

[2026-04-09 16:59:54 #4 type] 
Type domain.Seller is not enhanced.

[2026-04-09 16:59:54 #5 type] 
Type domain.Sale is not enhanced.

[2026-04-09 16:59:54 #6 type] 
Type domain.Offer is not enhanced.

------------------------------------------------------------------------------------------------------------------------

[2026-04-09 17:03:55 #1 store] 
Database 'C:\Users\rafae\eclipse-workspace\CorrecciónPrimeraIteración2\src\main\resources\products.temp' has been recovered (tr. 28-28)

[2026-04-09 17:03:55 #2 store] 
Database 'C:\Users\rafae\eclipse-workspace\CorrecciónPrimeraIteración2\src\main\resources\products.temp' is opened by 3224@Rafituki

[2026-04-09 17:03:55 #3 type] 
Type domain.User is not enhanced.

[2026-04-09 17:03:55 #4 type] 
Type domain.Seller is not enhanced.

[2026-04-09 17:03:55 #5 type] 
Type domain.Sale is not enhanced.

[2026-04-09 17:03:55 #6 type] 
Type domain.Offer is not enhanced.

------------------------------------------------------------------------------------------------------------------------

[2026-04-09 17:04:51 #1 store] 
Database 'C:\Users\rafae\eclipse-workspace\CorrecciónPrimeraIteración2\src\main\resources\products.temp' has been recovered (tr. 29-31)

[2026-04-09 17:04:52 #2 store] 
Database 'C:\Users\rafae\eclipse-workspace\CorrecciónPrimeraIteración2\src\main\resources\products.temp' is opened by 10684@Rafituki

[2026-04-09 17:04:52 #3 type] 
Type domain.User is not enhanced.

[2026-04-09 17:04:52 #4 type] 
Type domain.Seller is not enhanced.

[2026-04-09 17:04:52 #5 type] 
Type domain.Sale is not enhanced.

[2026-04-09 17:04:52 #6 type] 
Type domain.Offer is not enhanced.

------------------------------------------------------------------------------------------------------------------------

[2026-04-09 17:05:18 #1 store] 
Database 'C:\Users\rafae\eclipse-workspace\CorrecciónPrimeraIteración2\src\main\resources\products.temp' has been recovered (tr. 32-33)

[2026-04-09 17:05:18 #2 store] 
Database 'C:\Users\rafae\eclipse-workspace\CorrecciónPrimeraIteración2\src\main\resources\products.temp' is opened by 12584@Rafituki

[2026-04-09 17:05:18 #3 type] 
Type domain.User is not enhanced.

[2026-04-09 17:05:18 #4 type] 
Type domain.Seller is not enhanced.

[2026-04-09 17:05:18 #5 type] 
Type domain.Sale is not enhanced.

[2026-04-09 17:05:18 #6 type] 
Type domain.Offer is not enhanced.

------------------------------------------------------------------------------------------------------------------------

[2026-04-09 17:06:15 #1 store] 
Database 'C:\Users\rafae\eclipse-workspace\CorrecciónPrimeraIteración2\src\main\resources\products.temp' is opened by 19616@Rafituki

[2026-04-09 17:06:15 #2 type] 
Type domain.User is not enhanced.

[2026-04-09 17:06:15 #3 type] 
Type domain.Seller is not enhanced.

[2026-04-09 17:06:15 #4 type] 
Type domain.Sale is not enhanced.

[2026-04-09 17:06:15 #5 type] 
Type domain.Offer is not enhanced.

------------------------------------------------------------------------------------------------------------------------

[2026-04-09 17:08:19 #1 store] 
Database 'C:\Users\rafae\eclipse-workspace\CorrecciónPrimeraIteración2\src\main\resources\products.temp' has been recovered (tr. 34-37)

[2026-04-09 17:08:19 #2 store] 
Database 'C:\Users\rafae\eclipse-workspace\CorrecciónPrimeraIteración2\src\main\resources\products.temp' is opened by 7896@Rafituki

[2026-04-09 17:08:19 #3 type] 
Type domain.User is not enhanced.

[2026-04-09 17:08:19 #4 type] 
Type domain.Seller is not enhanced.

[2026-04-09 17:08:19 #5 type] 
Type domain.Sale is not enhanced.

[2026-04-09 17:08:19 #6 type] 
Type domain.Offer is not enhanced.

------------------------------------------------------------------------------------------------------------------------

[2026-04-09 17:08:50 #1 store] 
Database 'C:\Users\rafae\eclipse-workspace\CorrecciónPrimeraIteración2\src\main\resources\products.temp' is opened by 9920@Rafituki

[2026-04-09 17:08:50 #2 type.registry] 
New type domain.User

[2026-04-09 17:08:50 #3 type.registry] 
New type domain.Seller

[2026-04-09 17:08:50 #4 type] 
Type domain.User is not enhanced.

[2026-04-09 17:08:50 #5 type] 
Type domain.Seller is not enhanced.

[2026-04-09 17:08:50 #6 type.registry] 
New type domain.Sale

[2026-04-09 17:08:50 #7 type] 
Type domain.Sale is not enhanced.

[2026-04-09 17:08:50 #8 type.registry] 
New type domain.Offer

[2026-04-09 17:08:50 #9 type] 
Type domain.Offer is not enhanced.

[2026-04-09 17:08:50 #10 type.registry] 
New type java.util.ArrayList<java.lang.Object>

[2026-04-09 17:08:50 #11 type.registry] 
New type java.util.ArrayList<domain.Sale>

------------------------------------------------------------------------------------------------------------------------

[2026-04-09 17:09:05 #1 store] 
Database 'C:\Users\rafae\eclipse-workspace\CorrecciónPrimeraIteración2\src\main\resources\products.temp' has been recovered (tr. 1-6)

[2026-04-09 17:09:05 #2 store] 
Database 'C:\Users\rafae\eclipse-workspace\CorrecciónPrimeraIteración2\src\main\resources\products.temp' is opened by 6564@Rafituki

[2026-04-09 17:09:05 #3 type] 
Type domain.User is not enhanced.

[2026-04-09 17:09:05 #4 type] 
Type domain.Seller is not enhanced.

[2026-04-09 17:09:05 #5 type] 
Type domain.Sale is not enhanced.

[2026-04-09 17:09:05 #6 type] 
Type domain.Offer is not enhanced.

------------------------------------------------------------------------------------------------------------------------

[2026-04-09 17:09:13 #1 store] 
Database 'C:\Users\rafae\eclipse-workspace\CorrecciónPrimeraIteración2\src\main\resources\products.temp' is opened by 16348@Rafituki

[2026-04-09 17:09:13 #2 type] 
Type domain.User is not enhanced.

[2026-04-09 17:09:13 #3 type] 
Type domain.Seller is not enhanced.

[2026-04-09 17:09:13 #4 type] 
Type domain.Sale is not enhanced.

[2026-04-09 17:09:13 #5 type] 
Type domain.Offer is not enhanced.

[2026-04-09 17:09:48 #6 type.registry] 
New type java.util.ArrayList<domain.Offer>

------------------------------------------------------------------------------------------------------------------------

[2026-04-09 17:10:04 #1 store] 
Database 'C:\Users\rafae\eclipse-workspace\CorrecciónPrimeraIteración2\src\main\resources\products.temp' has been recovered (tr. 7-10)

[2026-04-09 17:10:04 #2 store] 
Database 'C:\Users\rafae\eclipse-workspace\CorrecciónPrimeraIteración2\src\main\resources\products.temp' is opened by 20356@Rafituki

[2026-04-09 17:10:04 #3 type] 
Type domain.User is not enhanced.

[2026-04-09 17:10:05 #4 type] 
Type domain.Seller is not enhanced.

[2026-04-09 17:10:05 #5 type] 
Type domain.Sale is not enhanced.

[2026-04-09 17:10:05 #6 type] 
Type domain.Offer is not enhanced.

------------------------------------------------------------------------------------------------------------------------

[2026-04-09 17:10:49 #1 store] 
Database 'C:\Users\rafae\eclipse-workspace\CorrecciónPrimeraIteración2\src\main\resources\products.temp' has been recovered (tr. 11-13)

[2026-04-09 17:10:49 #2 store] 
Database 'C:\Users\rafae\eclipse-workspace\CorrecciónPrimeraIteración2\src\main\resources\products.temp' is opened by 20072@Rafituki

[2026-04-09 17:10:49 #3 type] 
Type domain.User is not enhanced.

[2026-04-09 17:10:49 #4 type] 
Type domain.Seller is not enhanced.

[2026-04-09 17:10:49 #5 type] 
Type domain.Sale is not enhanced.

[2026-04-09 17:10:49 #6 type] 
Type domain.Offer is not enhanced.

------------------------------------------------------------------------------------------------------------------------

[2026-04-09 17:11:19 #1 store] 
Database 'C:\Users\rafae\eclipse-workspace\CorrecciónPrimeraIteración2\src\main\resources\products.temp' has been recovered (tr. 14-15)

[2026-04-09 17:11:19 #2 store] 
Database 'C:\Users\rafae\eclipse-workspace\CorrecciónPrimeraIteración2\src\main\resources\products.temp' is opened by 14488@Rafituki

[2026-04-09 17:11:19 #3 type] 
Type domain.User is not enhanced.

[2026-04-09 17:11:19 #4 type] 
Type domain.Seller is not enhanced.

[2026-04-09 17:11:19 #5 type] 
Type domain.Sale is not enhanced.

[2026-04-09 17:11:19 #6 type] 
Type domain.Offer is not enhanced.

------------------------------------------------------------------------------------------------------------------------

[2026-04-09 20:53:35 #1 store] 
Database 'C:\Users\rafae\eclipse-workspace\CorrecciónPrimeraIteración3\src\main\resources\products.temp' is opened by 21232@Rafituki

[2026-04-09 20:53:35 #2 type] 
Type domain.User is not enhanced.

[2026-04-09 20:53:35 #3 type] 
Type domain.Seller is not enhanced.

[2026-04-09 20:53:35 #4 type] 
Type domain.Sale is not enhanced.

[2026-04-09 20:53:35 #5 type] 
Type domain.Offer is not enhanced.

------------------------------------------------------------------------------------------------------------------------

[2026-04-09 20:54:13 #1 store] 
Database 'C:\Users\rafae\eclipse-workspace\CorrecciónPrimeraIteración3\src\main\resources\products.temp' has been recovered (tr. 16-16)

[2026-04-09 20:54:13 #2 store] 
Database 'C:\Users\rafae\eclipse-workspace\CorrecciónPrimeraIteración3\src\main\resources\products.temp' is opened by 20904@Rafituki

[2026-04-09 20:54:13 #3 type] 
Type domain.User is not enhanced.

[2026-04-09 20:54:13 #4 type] 
Type domain.Seller is not enhanced.

[2026-04-09 20:54:13 #5 type] 
Type domain.Sale is not enhanced.

[2026-04-09 20:54:13 #6 type] 
Type domain.Offer is not enhanced.

------------------------------------------------------------------------------------------------------------------------

[2026-04-09 20:54:48 #1 store] 
Database 'C:\Users\rafae\eclipse-workspace\CorrecciónPrimeraIteración3\src\main\resources\products.temp' has been recovered (tr. 17-18)

[2026-04-09 20:54:48 #2 store] 
Database 'C:\Users\rafae\eclipse-workspace\CorrecciónPrimeraIteración3\src\main\resources\products.temp' is opened by 3640@Rafituki

[2026-04-09 20:54:48 #3 type] 
Type domain.User is not enhanced.

[2026-04-09 20:54:48 #4 type] 
Type domain.Seller is not enhanced.

[2026-04-09 20:54:48 #5 type] 
Type domain.Sale is not enhanced.

[2026-04-09 20:54:48 #6 type] 
Type domain.Offer is not enhanced.

------------------------------------------------------------------------------------------------------------------------

[2026-04-09 20:58:44 #1 store] 
Database 'C:\Users\rafae\eclipse-workspace\CorrecciónPrimeraIteración3\src\main\resources\products.temp' has been recovered (tr. 19-19)

[2026-04-09 20:58:44 #2 store] 
Database 'C:\Users\rafae\eclipse-workspace\CorrecciónPrimeraIteración3\src\main\resources\products.temp' is opened by 17516@Rafituki

[2026-04-09 20:58:44 #3 type] 
Type domain.User is not enhanced.

[2026-04-09 20:58:44 #4 type] 
Type domain.Seller is not enhanced.

[2026-04-09 20:58:44 #5 type] 
Type domain.Sale is not enhanced.

[2026-04-09 20:58:44 #6 type] 
Type domain.Offer is not enhanced.

------------------------------------------------------------------------------------------------------------------------

[2026-04-09 20:59:05 #1 store] 
Database 'C:\Users\rafae\eclipse-workspace\CorrecciónPrimeraIteración3\src\main\resources\products.temp' has been recovered (tr. 20-21)

[2026-04-09 20:59:05 #2 store] 
Database 'C:\Users\rafae\eclipse-workspace\CorrecciónPrimeraIteración3\src\main\resources\products.temp' is opened by 600@Rafituki

[2026-04-09 20:59:05 #3 type] 
Type domain.User is not enhanced.

[2026-04-09 20:59:05 #4 type] 
Type domain.Seller is not enhanced.

[2026-04-09 20:59:05 #5 type] 
Type domain.Sale is not enhanced.

[2026-04-09 20:59:05 #6 type] 
Type domain.Offer is not enhanced.

------------------------------------------------------------------------------------------------------------------------

[2026-04-09 20:59:42 #1 store] 
Database 'C:\Users\rafae\eclipse-workspace\CorrecciónPrimeraIteración3\src\main\resources\products.temp' has been recovered (tr. 22-23)

[2026-04-09 20:59:42 #2 store] 
Database 'C:\Users\rafae\eclipse-workspace\CorrecciónPrimeraIteración3\src\main\resources\products.temp' is opened by 2736@Rafituki

[2026-04-09 20:59:42 #3 type] 
Type domain.User is not enhanced.

[2026-04-09 20:59:42 #4 type] 
Type domain.Seller is not enhanced.

[2026-04-09 20:59:42 #5 type] 
Type domain.Sale is not enhanced.

[2026-04-09 20:59:42 #6 type] 
Type domain.Offer is not enhanced.

------------------------------------------------------------------------------------------------------------------------

[2026-04-09 21:00:02 #1 store] 
Database 'C:\Users\rafae\eclipse-workspace\CorrecciónPrimeraIteración3\src\main\resources\products.temp' is opened by 2428@Rafituki

[2026-04-09 21:00:02 #2 type] 
Type domain.User is not enhanced.

[2026-04-09 21:00:02 #3 type] 
Type domain.Seller is not enhanced.

[2026-04-09 21:00:02 #4 type] 
Type domain.Sale is not enhanced.

[2026-04-09 21:00:02 #5 type] 
Type domain.Offer is not enhanced.

------------------------------------------------------------------------------------------------------------------------

[2026-04-09 21:03:52 #1 store] 
Database 'C:\Users\rafae\eclipse-workspace\CorrecciónPrimeraIteración3\src\main\resources\products.temp' has been recovered (tr. 24-24)

[2026-04-09 21:03:52 #2 store] 
Database 'C:\Users\rafae\eclipse-workspace\CorrecciónPrimeraIteración3\src\main\resources\products.temp' is opened by 4212@Rafituki

[2026-04-09 21:03:52 #3 type] 
Type domain.User is not enhanced.

[2026-04-09 21:03:52 #4 type] 
Type domain.Seller is not enhanced.

[2026-04-09 21:03:52 #5 type] 
Type domain.Sale is not enhanced.

[2026-04-09 21:03:52 #6 type] 
Type domain.Offer is not enhanced.

------------------------------------------------------------------------------------------------------------------------

[2026-04-09 21:04:08 #1 store] 
Database 'C:\Users\rafae\eclipse-workspace\CorrecciónPrimeraIteración3\src\main\resources\products.temp' is opened by 5312@Rafituki

[2026-04-09 21:04:08 #2 type] 
Type domain.User is not enhanced.

[2026-04-09 21:04:08 #3 type] 
Type domain.Seller is not enhanced.

[2026-04-09 21:04:08 #4 type] 
Type domain.Sale is not enhanced.

[2026-04-09 21:04:08 #5 type] 
Type domain.Offer is not enhanced.

------------------------------------------------------------------------------------------------------------------------

[2026-04-09 21:06:27 #1 store] 
Database 'C:\Users\rafae\eclipse-workspace\CorrecciónPrimeraIteración3\src\main\resources\products.temp' is opened by 10112@Rafituki

[2026-04-09 21:06:27 #2 type] 
Type domain.User is not enhanced.

[2026-04-09 21:06:27 #3 type] 
Type domain.Seller is not enhanced.

[2026-04-09 21:06:27 #4 type] 
Type domain.Sale is not enhanced.

[2026-04-09 21:06:27 #5 type] 
Type domain.Offer is not enhanced.

------------------------------------------------------------------------------------------------------------------------

[2026-04-09 21:06:52 #1 store] 
Database 'C:\Users\rafae\eclipse-workspace\CorrecciónPrimeraIteración3\src\main\resources\products.temp' is opened by 14956@Rafituki

[2026-04-09 21:06:52 #2 type] 
Type domain.User is not enhanced.

[2026-04-09 21:06:52 #3 type] 
Type domain.Seller is not enhanced.

[2026-04-09 21:06:52 #4 type] 
Type domain.Sale is not enhanced.

[2026-04-09 21:06:52 #5 type] 
Type domain.Offer is not enhanced.

------------------------------------------------------------------------------------------------------------------------

[2026-04-09 22:12:18 #1 store] 
Database 'C:\Users\rafae\eclipse-workspace\CorrecciónPrimeraIteración3\src\main\resources\products.temp' has been recovered (tr. 25-25)

[2026-04-09 22:12:18 #2 store] 
Database 'C:\Users\rafae\eclipse-workspace\CorrecciónPrimeraIteración3\src\main\resources\products.temp' is opened by 6748@Rafituki

[2026-04-09 22:12:18 #3 type] 
Type domain.User is not enhanced.

[2026-04-09 22:12:18 #4 type] 
Type domain.Seller is not enhanced.

[2026-04-09 22:12:18 #5 type] 
Type domain.Sale is not enhanced.

[2026-04-09 22:12:18 #6 type] 
Type domain.Offer is not enhanced.

------------------------------------------------------------------------------------------------------------------------

[2026-04-09 22:14:06 #1 store] 
Database 'C:\Users\rafae\eclipse-workspace\CorrecciónPrimeraIteración3\src\main\resources\products.temp' has been recovered (tr. 26-27)

[2026-04-09 22:14:06 #2 store] 
Database 'C:\Users\rafae\eclipse-workspace\CorrecciónPrimeraIteración3\src\main\resources\products.temp' is opened by 17096@Rafituki

[2026-04-09 22:14:07 #3 type] 
Type domain.User is not enhanced.

[2026-04-09 22:14:07 #4 type] 
Type domain.Seller is not enhanced.

[2026-04-09 22:14:07 #5 type] 
Type domain.Sale is not enhanced.

[2026-04-09 22:14:07 #6 type] 
Type domain.Offer is not enhanced.

------------------------------------------------------------------------------------------------------------------------

[2026-04-09 22:15:35 #1 store] 
Database 'C:\Users\rafae\eclipse-workspace\CorrecciónPrimeraIteración3\src\main\resources\products.temp' has been recovered (tr. 28-31)

[2026-04-09 22:15:35 #2 store] 
Database 'C:\Users\rafae\eclipse-workspace\CorrecciónPrimeraIteración3\src\main\resources\products.temp' is opened by 20004@Rafituki

[2026-04-09 22:15:35 #3 type] 
Type domain.User is not enhanced.

[2026-04-09 22:15:35 #4 type] 
Type domain.Seller is not enhanced.

[2026-04-09 22:15:35 #5 type] 
Type domain.Sale is not enhanced.

[2026-04-09 22:15:35 #6 type] 
Type domain.Offer is not enhanced.

------------------------------------------------------------------------------------------------------------------------

[2026-04-09 22:16:33 #1 store] 
Database 'C:\Users\rafae\eclipse-workspace\CorrecciónPrimeraIteración3\src\main\resources\products.temp' has been recovered (tr. 32-32)

[2026-04-09 22:16:33 #2 store] 
Database 'C:\Users\rafae\eclipse-workspace\CorrecciónPrimeraIteración3\src\main\resources\products.temp' is opened by 14048@Rafituki

[2026-04-09 22:16:33 #3 type] 
Type domain.User is not enhanced.

[2026-04-09 22:16:33 #4 type] 
Type domain.Seller is not enhanced.

[2026-04-09 22:16:33 #5 type] 
Type domain.Sale is not enhanced.

[2026-04-09 22:16:33 #6 type] 
Type domain.Offer is not enhanced.

------------------------------------------------------------------------------------------------------------------------

[2026-04-09 22:16:40 #1 store] 
Database 'C:\Users\rafae\eclipse-workspace\CorrecciónPrimeraIteración3\src\main\resources\products.temp' is opened by 15324@Rafituki

[2026-04-09 22:16:40 #2 type] 
Type domain.User is not enhanced.

[2026-04-09 22:16:40 #3 type] 
Type domain.Seller is not enhanced.

[2026-04-09 22:16:40 #4 type] 
Type domain.Sale is not enhanced.

[2026-04-09 22:16:40 #5 type] 
Type domain.Offer is not enhanced.

